2019-03-21 09:12:29.344 [main] WARN  o.s.b.f.a.AutowiredAnnotationBeanPostProcessor - Autowired annotation is not supported on static fields: private static com.zaozao.dao.IsvAlipayInfoDOMapper com.zaozao.util.AlipayConfig.isvAlipayInfoDOMapper
2019-03-21 09:13:13.395 [main] WARN  o.s.b.f.a.AutowiredAnnotationBeanPostProcessor - Autowired annotation is not supported on static fields: private static com.zaozao.dao.IsvAlipayInfoDOMapper com.zaozao.util.AlipayConfig.isvAlipayInfoDOMapper
2019-03-21 09:27:20.784 [main] WARN  o.s.b.f.a.AutowiredAnnotationBeanPostProcessor - Autowired annotation is not supported on static fields: private static com.zaozao.dao.IsvAlipayInfoDOMapper com.zaozao.util.AlipayConfig.isvAlipayInfoDOMapper
2019-03-21 09:32:23.178 [http-nio-8070-exec-3] WARN  o.s.w.s.m.m.a.ExceptionHandlerExceptionResolver - Resolved [org.springframework.web.bind.MissingServletRequestParameterException: Required String parameter 'schoolName' is not present]
2019-03-21 09:36:28.022 [http-nio-8070-exec-6] WARN  o.s.w.s.m.m.a.ExceptionHandlerExceptionResolver - Resolved [org.springframework.web.bind.MissingServletRequestParameterException: Required String parameter 'schoolAddress' is not present]
2019-03-21 09:37:22.263 [http-nio-8070-exec-7] WARN  o.s.w.s.m.m.a.ExceptionHandlerExceptionResolver - Resolved [org.springframework.web.bind.MissingServletRequestParameterException: Required String parameter 'schoolContact' is not present]
2019-03-21 09:37:42.761 [http-nio-8070-exec-8] WARN  o.s.w.s.m.m.a.ExceptionHandlerExceptionResolver - Resolved [org.springframework.web.bind.MissingServletRequestParameterException: Required String parameter 'provinceCodeName' is not present]
2019-03-21 09:38:13.214 [http-nio-8070-exec-9] WARN  o.s.w.s.m.m.a.ExceptionHandlerExceptionResolver - Resolved [com.zaozao.error.BusinessException]
2019-03-21 09:38:30.598 [http-nio-8070-exec-10] WARN  o.s.w.s.m.m.a.ExceptionHandlerExceptionResolver - Resolved [org.springframework.web.bind.MissingServletRequestParameterException: Required String parameter 'schoolName' is not present]
2019-03-21 09:38:43.374 [http-nio-8070-exec-1] WARN  o.s.w.s.m.m.a.ExceptionHandlerExceptionResolver - Resolved [com.zaozao.error.BusinessException]
2019-03-21 09:38:47.134 [http-nio-8070-exec-2] WARN  o.s.w.s.m.m.a.ExceptionHandlerExceptionResolver - Resolved [org.springframework.web.bind.MissingServletRequestParameterException: Required String parameter 'schoolName' is not present]
2019-03-21 09:39:32.567 [http-nio-8070-exec-3] WARN  o.s.w.s.m.m.a.ExceptionHandlerExceptionResolver - Resolved [com.zaozao.error.BusinessException]
2019-03-21 09:45:35.000 [http-nio-8070-exec-8] WARN  o.s.w.s.m.m.a.ExceptionHandlerExceptionResolver - Resolved [com.zaozao.error.BusinessException]
2019-03-21 09:46:31.897 [http-nio-8070-exec-9] WARN  o.s.w.s.m.m.a.ExceptionHandlerExceptionResolver - Resolved [org.springframework.web.bind.MissingServletRequestParameterException: Required String parameter 'schoolName' is not present]
2019-03-21 09:47:41.760 [http-nio-8070-exec-2] WARN  o.s.w.s.m.m.a.ExceptionHandlerExceptionResolver - Resolved [com.zaozao.error.BusinessException]
2019-03-21 09:48:29.280 [http-nio-8070-exec-3] WARN  o.s.w.s.m.m.a.ExceptionHandlerExceptionResolver - Resolved [com.zaozao.error.BusinessException]
2019-03-21 14:10:01.442 [main] WARN  o.s.b.w.s.c.AnnotationConfigServletWebServerApplicationContext - Exception encountered during context initialization - cancelling refresh attempt: org.springframework.beans.factory.UnsatisfiedDependencyException: Error creating bean with name 'adminController': Unsatisfied dependency expressed through field 'adminService'; nested exception is org.springframework.beans.factory.UnsatisfiedDependencyException: Error creating bean with name 'adminServiceImpl': Unsatisfied dependency expressed through field 'adminInfoDOMapper'; nested exception is org.springframework.beans.factory.UnsatisfiedDependencyException: Error creating bean with name 'adminInfoDOMapper' defined in file [/Users/chenxiaotian/myWorkspace/education/target/classes/com/zaozao/dao/AdminInfoDOMapper.class]: Unsatisfied dependency expressed through bean property 'sqlSessionFactory'; nested exception is org.springframework.beans.factory.BeanCreationException: Error creating bean with name 'sqlSessionFactory' defined in class path resource [org/mybatis/spring/boot/autoconfigure/MybatisAutoConfiguration.class]: Bean instantiation via factory method failed; nested exception is org.springframework.beans.BeanInstantiationException: Failed to instantiate [org.apache.ibatis.session.SqlSessionFactory]: Factory method 'sqlSessionFactory' threw exception; nested exception is org.springframework.core.NestedIOException: Failed to parse mapping resource: 'file [/Users/chenxiaotian/myWorkspace/education/target/classes/mapping/BillDOMapper.xml]'; nested exception is org.apache.ibatis.builder.BuilderException: Error parsing Mapper XML. Cause: org.apache.ibatis.builder.BuilderException: Error resolving class. Cause: org.apache.ibatis.type.TypeException: Could not resolve type alias 'AmountTypeMap'.  Cause: java.lang.ClassNotFoundException: Cannot find class: AmountTypeMap
2019-03-21 14:14:11.912 [main] WARN  o.s.b.f.a.AutowiredAnnotationBeanPostProcessor - Autowired annotation is not supported on static fields: private static com.zaozao.dao.IsvAlipayInfoDOMapper com.zaozao.util.AlipayConfig.isvAlipayInfoDOMapper
2019-03-21 14:14:42.476 [http-nio-8070-exec-2] WARN  o.s.w.s.m.m.a.ExceptionHandlerExceptionResolver - Resolved [org.mybatis.spring.MyBatisSystemException: nested exception is org.apache.ibatis.builder.BuilderException: Error resolving JdbcType. Cause: java.lang.IllegalArgumentException: No enum constant org.apache.ibatis.type.JdbcType.TINIINT]
2019-03-21 14:14:47.001 [http-nio-8070-exec-4] WARN  o.s.w.s.m.m.a.ExceptionHandlerExceptionResolver - Resolved [org.mybatis.spring.MyBatisSystemException: nested exception is org.apache.ibatis.builder.BuilderException: Error resolving JdbcType. Cause: java.lang.IllegalArgumentException: No enum constant org.apache.ibatis.type.JdbcType.TINIINT]
2019-03-21 14:15:33.854 [main] WARN  o.s.b.f.a.AutowiredAnnotationBeanPostProcessor - Autowired annotation is not supported on static fields: private static com.zaozao.dao.IsvAlipayInfoDOMapper com.zaozao.util.AlipayConfig.isvAlipayInfoDOMapper
2019-03-21 14:15:40.304 [http-nio-8070-exec-1] WARN  o.s.w.s.m.m.a.ExceptionHandlerExceptionResolver - Resolved [com.zaozao.error.BusinessException]
2019-03-21 14:32:51.238 [main] WARN  o.s.b.f.a.AutowiredAnnotationBeanPostProcessor - Autowired annotation is not supported on static fields: private static com.zaozao.dao.IsvAlipayInfoDOMapper com.zaozao.util.AlipayConfig.isvAlipayInfoDOMapper
2019-03-21 14:57:28.269 [http-nio-8070-exec-6] WARN  o.s.w.s.m.m.a.ExceptionHandlerExceptionResolver - Resolved [com.zaozao.error.BusinessException]
2019-03-21 14:57:40.251 [http-nio-8070-exec-9] WARN  o.s.w.s.m.m.a.ExceptionHandlerExceptionResolver - Resolved [com.zaozao.error.BusinessException]
2019-03-21 15:01:30.894 [http-nio-8070-exec-5] WARN  o.s.w.s.m.m.a.ExceptionHandlerExceptionResolver - Resolved [com.zaozao.error.BusinessException]
2019-03-21 15:01:46.418 [http-nio-8070-exec-7] WARN  o.s.w.s.m.m.a.ExceptionHandlerExceptionResolver - Resolved [com.zaozao.error.BusinessException]
2019-03-21 15:22:25.266 [main] WARN  o.s.b.f.a.AutowiredAnnotationBeanPostProcessor - Autowired annotation is not supported on static fields: private static com.zaozao.dao.IsvAlipayInfoDOMapper com.zaozao.util.AlipayConfig.isvAlipayInfoDOMapper
