2019-03-05 15:08:40.816 [Thread-3] INFO  o.s.b.w.s.c.AnnotationConfigServletWebServerApplicationContext - Closing org.springframework.boot.web.servlet.context.AnnotationConfigServletWebServerApplicationContext@6bca7e0d: startup date [Mon Mar 04 17:18:13 CST 2019]; root of context hierarchy
2019-03-05 15:08:41.004 [Thread-3] INFO  o.s.jmx.export.annotation.AnnotationMBeanExporter - Unregistering JMX-exposed beans on shutdown
2019-03-05 15:08:41.009 [Thread-3] INFO  o.s.jmx.export.annotation.AnnotationMBeanExporter - Unregistering JMX-exposed beans
2019-03-05 15:08:41.030 [Thread-3] INFO  com.alibaba.druid.pool.DruidDataSource - {dataSource-1} closed
2019-03-05 15:08:48.146 [main] INFO  com.zaozao.App - Starting App on Sidney.local with PID 49068 (/Users/chenxiaotian/myWorkspace/education/target/classes started by chenxiaotian in /Users/chenxiaotian/myWorkspace/education)
2019-03-05 15:08:48.167 [main] INFO  com.zaozao.App - The following profiles are active: dev
2019-03-05 15:08:48.250 [main] INFO  o.s.b.w.s.c.AnnotationConfigServletWebServerApplicationContext - Refreshing org.springframework.boot.web.servlet.context.AnnotationConfigServletWebServerApplicationContext@175c2241: startup date [Tue Mar 05 15:08:48 CST 2019]; root of context hierarchy
2019-03-05 15:08:49.036 [main] INFO  o.s.d.r.config.RepositoryConfigurationDelegate - Multiple Spring Data modules found, entering strict repository configuration mode!
2019-03-05 15:08:49.540 [main] INFO  o.s.c.s.PostProcessorRegistrationDelegate$BeanPostProcessorChecker - Bean 'org.springframework.transaction.annotation.ProxyTransactionManagementConfiguration' of type [org.springframework.transaction.annotation.ProxyTransactionManagementConfiguration$$EnhancerBySpringCGLIB$$172078ff] is not eligible for getting processed by all BeanPostProcessors (for example: not eligible for auto-proxying)
2019-03-05 15:08:50.012 [main] INFO  o.s.boot.web.embedded.tomcat.TomcatWebServer - Tomcat initialized with port(s): 8070 (http)
2019-03-05 15:08:50.033 [main] INFO  org.apache.coyote.http11.Http11NioProtocol - Initializing ProtocolHandler ["http-nio-8070"]
2019-03-05 15:08:50.047 [main] INFO  org.apache.catalina.core.StandardService - Starting service [Tomcat]
2019-03-05 15:08:50.048 [main] INFO  org.apache.catalina.core.StandardEngine - Starting Servlet Engine: Apache Tomcat/8.5.34
2019-03-05 15:08:50.059 [localhost-startStop-1] INFO  org.apache.catalina.core.AprLifecycleListener - The APR based Apache Tomcat Native library which allows optimal performance in production environments was not found on the java.library.path: [/Users/chenxiaotian/Library/Java/Extensions:/Library/Java/Extensions:/Network/Library/Java/Extensions:/System/Library/Java/Extensions:/usr/lib/java:.]
2019-03-05 15:08:50.229 [localhost-startStop-1] INFO  o.a.c.core.ContainerBase.[Tomcat].[localhost].[/] - Initializing Spring embedded WebApplicationContext
2019-03-05 15:08:50.229 [localhost-startStop-1] INFO  org.springframework.web.context.ContextLoader - Root WebApplicationContext: initialization completed in 1979 ms
2019-03-05 15:08:50.295 [localhost-startStop-1] INFO  o.s.boot.web.servlet.ServletRegistrationBean - Servlet dispatcherServlet mapped to [/]
2019-03-05 15:08:50.299 [localhost-startStop-1] INFO  o.s.boot.web.servlet.FilterRegistrationBean - Mapping filter: 'characterEncodingFilter' to: [/*]
2019-03-05 15:08:50.300 [localhost-startStop-1] INFO  o.s.boot.web.servlet.FilterRegistrationBean - Mapping filter: 'hiddenHttpMethodFilter' to: [/*]
2019-03-05 15:08:50.300 [localhost-startStop-1] INFO  o.s.boot.web.servlet.FilterRegistrationBean - Mapping filter: 'httpPutFormContentFilter' to: [/*]
2019-03-05 15:08:50.300 [localhost-startStop-1] INFO  o.s.boot.web.servlet.FilterRegistrationBean - Mapping filter: 'requestContextFilter' to: [/*]
2019-03-05 15:08:51.281 [main] INFO  o.s.web.servlet.handler.SimpleUrlHandlerMapping - Mapped URL path [/**/favicon.ico] onto handler of type [class org.springframework.web.servlet.resource.ResourceHttpRequestHandler]
2019-03-05 15:08:51.541 [main] INFO  o.s.w.s.m.m.a.RequestMappingHandlerAdapter - Looking for @ControllerAdvice: org.springframework.boot.web.servlet.context.AnnotationConfigServletWebServerApplicationContext@175c2241: startup date [Tue Mar 05 15:08:48 CST 2019]; root of context hierarchy
2019-03-05 15:08:51.621 [main] INFO  o.s.w.s.m.m.a.RequestMappingHandlerMapping - Mapped "{[/admin/create],methods=[POST],consumes=[application/x-www-form-urlencoded]}" onto public com.zaozao.response.CommonReturnType com.zaozao.controller.AdminController.create(java.lang.String,java.lang.Integer,java.lang.String,java.lang.String,java.lang.String,java.lang.Integer) throws com.zaozao.error.BusinessException,java.security.NoSuchAlgorithmException
2019-03-05 15:08:51.622 [main] INFO  o.s.w.s.m.m.a.RequestMappingHandlerMapping - Mapped "{[/admin/login],methods=[POST],consumes=[application/x-www-form-urlencoded]}" onto public com.zaozao.response.CommonReturnType com.zaozao.controller.AdminController.login(java.lang.String,java.lang.String) throws com.zaozao.error.BusinessException,java.security.NoSuchAlgorithmException
2019-03-05 15:08:51.623 [main] INFO  o.s.w.s.m.m.a.RequestMappingHandlerMapping - Mapped "{[/admin/logout],methods=[GET]}" onto public com.zaozao.response.CommonReturnType com.zaozao.controller.AdminController.loginOut()
2019-03-05 15:08:51.623 [main] INFO  o.s.w.s.m.m.a.RequestMappingHandlerMapping - Mapped "{[/admin/list],methods=[GET]}" onto public com.zaozao.response.CommonReturnType com.zaozao.controller.AdminController.listAdmin() throws com.zaozao.error.BusinessException
2019-03-05 15:08:51.624 [main] INFO  o.s.w.s.m.m.a.RequestMappingHandlerMapping - Mapped "{[/admin/delete],methods=[POST],consumes=[application/x-www-form-urlencoded]}" onto public com.zaozao.response.CommonReturnType com.zaozao.controller.AdminController.deleteById(java.lang.Integer) throws com.zaozao.error.BusinessException
2019-03-05 15:08:51.624 [main] INFO  o.s.w.s.m.m.a.RequestMappingHandlerMapping - Mapped "{[/admin/update],methods=[POST],consumes=[application/x-www-form-urlencoded]}" onto public com.zaozao.response.CommonReturnType com.zaozao.controller.AdminController.updateById(java.lang.Integer,java.lang.String,java.lang.Integer,java.lang.String,java.lang.String,java.lang.String) throws com.zaozao.error.BusinessException,java.security.NoSuchAlgorithmException
2019-03-05 15:08:51.629 [main] INFO  o.s.w.s.m.m.a.RequestMappingHandlerMapping - Mapped "{[/bill/unpaid],methods=[POST],consumes=[application/x-www-form-urlencoded]}" onto public com.zaozao.response.CommonReturnType com.zaozao.controller.BillController.getUnpaidBill(java.lang.Integer,java.lang.Integer,java.lang.String) throws com.zaozao.error.BusinessException
2019-03-05 15:08:51.629 [main] INFO  o.s.w.s.m.m.a.RequestMappingHandlerMapping - Mapped "{[/bill/pay],methods=[POST],consumes=[application/x-www-form-urlencoded]}" onto public com.zaozao.response.CommonReturnType com.zaozao.controller.BillController.pay(java.lang.Integer)
2019-03-05 15:08:51.630 [main] INFO  o.s.w.s.m.m.a.RequestMappingHandlerMapping - Mapped "{[/bill/delete/item],methods=[POST],consumes=[application/x-www-form-urlencoded]}" onto public com.zaozao.response.CommonReturnType com.zaozao.controller.BillController.createItem(java.lang.Integer,java.lang.Integer) throws java.lang.Exception
2019-03-05 15:08:51.630 [main] INFO  o.s.w.s.m.m.a.RequestMappingHandlerMapping - Mapped "{[/bill/create/item],methods=[POST],consumes=[application/x-www-form-urlencoded]}" onto public com.zaozao.response.CommonReturnType com.zaozao.controller.BillController.createItem(java.lang.String) throws java.lang.Exception
2019-03-05 15:08:51.631 [main] INFO  o.s.w.s.m.m.a.RequestMappingHandlerMapping - Mapped "{[/bill/list/item],methods=[GET]}" onto public com.zaozao.response.CommonReturnType com.zaozao.controller.BillController.listItem() throws com.zaozao.error.BusinessException
2019-03-05 15:08:51.631 [main] INFO  o.s.w.s.m.m.a.RequestMappingHandlerMapping - Mapped "{[/bill/list],methods=[GET]}" onto public com.zaozao.response.CommonReturnType com.zaozao.controller.BillController.getBillList() throws java.lang.Exception
2019-03-05 15:08:51.632 [main] INFO  o.s.w.s.m.m.a.RequestMappingHandlerMapping - Mapped "{[/bill/query/list],methods=[POST],consumes=[application/x-www-form-urlencoded]}" onto public com.zaozao.response.CommonReturnType com.zaozao.controller.BillController.queryBillList(java.lang.Integer,java.lang.Integer,java.lang.Integer,java.lang.String,java.lang.String,java.lang.String,java.lang.String,java.lang.String,java.lang.Byte,java.lang.Byte,java.lang.String,java.lang.Integer) throws java.lang.Exception
2019-03-05 15:08:51.633 [main] INFO  o.s.w.s.m.m.a.RequestMappingHandlerMapping - Mapped "{[/bill/list/history],methods=[GET]}" onto public com.zaozao.response.CommonReturnType com.zaozao.controller.BillController.getBillHistoryList() throws java.lang.Exception
2019-03-05 15:08:51.633 [main] INFO  o.s.w.s.m.m.a.RequestMappingHandlerMapping - Mapped "{[/bill/create/bill],methods=[POST],consumes=[application/x-www-form-urlencoded]}" onto public com.zaozao.response.CommonReturnType com.zaozao.controller.BillController.createBill(java.lang.String,java.lang.String,java.lang.Integer,java.math.BigDecimal,java.lang.String) throws java.lang.Exception
2019-03-05 15:08:51.634 [main] INFO  o.s.w.s.m.m.a.RequestMappingHandlerMapping - Mapped "{[/bill/click/collection],methods=[POST],consumes=[application/x-www-form-urlencoded]}" onto public com.zaozao.response.CommonReturnType com.zaozao.controller.BillController.updateBill(java.lang.String,java.lang.Byte,java.lang.String,java.lang.String,java.lang.String) throws java.lang.Exception
2019-03-05 15:08:51.636 [main] INFO  o.s.w.s.m.m.a.RequestMappingHandlerMapping - Mapped "{[/bill/update/bill],methods=[POST],consumes=[application/x-www-form-urlencoded]}" onto public com.zaozao.response.CommonReturnType com.zaozao.controller.BillController.updateBill(java.lang.Integer,java.lang.Integer,java.lang.String,java.lang.String,java.lang.Integer,java.math.BigDecimal,java.lang.String,java.lang.Byte) throws java.lang.Exception
2019-03-05 15:08:51.637 [main] INFO  o.s.w.s.m.m.a.RequestMappingHandlerMapping - Mapped "{[/bill/delete/bill],methods=[POST],consumes=[application/x-www-form-urlencoded]}" onto public com.zaozao.response.CommonReturnType com.zaozao.controller.BillController.deleteBill(java.lang.Integer,java.lang.Integer) throws java.lang.Exception
2019-03-05 15:08:51.637 [main] INFO  o.s.w.s.m.m.a.RequestMappingHandlerMapping - Mapped "{[/bill/delete/batch],methods=[POST],consumes=[application/x-www-form-urlencoded]}" onto public com.zaozao.response.CommonReturnType com.zaozao.controller.BillController.deleteBatchBill(java.lang.String,java.lang.Integer) throws java.lang.Exception
2019-03-05 15:08:51.638 [main] INFO  o.s.w.s.m.m.a.RequestMappingHandlerMapping - Mapped "{[/bill/import],methods=[POST],consumes=[multipart/form-data]}" onto public boolean com.zaozao.controller.BillController.importBill(org.springframework.web.multipart.MultipartFile) throws com.zaozao.error.BusinessException
2019-03-05 15:08:51.638 [main] INFO  o.s.w.s.m.m.a.RequestMappingHandlerMapping - Mapped "{[/bill/export],methods=[GET]}" onto public void com.zaozao.controller.BillController.exportBill(javax.servlet.http.HttpServletRequest,javax.servlet.http.HttpServletResponse,java.lang.Integer) throws java.io.IOException,com.zaozao.error.BusinessException
2019-03-05 15:08:51.638 [main] INFO  o.s.w.s.m.m.a.RequestMappingHandlerMapping - Mapped "{[/bill/export/template],methods=[GET]}" onto public void com.zaozao.controller.BillController.exportBillTemplate(javax.servlet.http.HttpServletRequest,javax.servlet.http.HttpServletResponse) throws java.io.IOException,com.zaozao.error.BusinessException
2019-03-05 15:08:51.640 [main] INFO  o.s.w.s.m.m.a.RequestMappingHandlerMapping - Mapped "{[/class/get],methods=[GET]}" onto public com.zaozao.response.CommonReturnType com.zaozao.controller.ClassController.getClassList() throws java.lang.Exception
2019-03-05 15:08:51.641 [main] INFO  o.s.w.s.m.m.a.RequestMappingHandlerMapping - Mapped "{[/class/create],methods=[POST],consumes=[application/x-www-form-urlencoded]}" onto public com.zaozao.response.CommonReturnType com.zaozao.controller.ClassController.createClass(java.lang.Integer,java.lang.Integer,java.lang.String) throws java.lang.Exception
2019-03-05 15:08:51.642 [main] INFO  o.s.w.s.m.m.a.RequestMappingHandlerMapping - Mapped "{[/class/upgrade],methods=[GET]}" onto public com.zaozao.response.CommonReturnType com.zaozao.controller.ClassController.upgradeClassById() throws java.lang.Exception
2019-03-05 15:08:51.642 [main] INFO  o.s.w.s.m.m.a.RequestMappingHandlerMapping - Mapped "{[/class/delete],methods=[POST],consumes=[application/x-www-form-urlencoded]}" onto public com.zaozao.response.CommonReturnType com.zaozao.controller.ClassController.deleteClassById(java.lang.Integer,java.lang.Integer) throws java.lang.Exception
2019-03-05 15:08:51.643 [main] INFO  o.s.w.s.m.m.a.RequestMappingHandlerMapping - Mapped "{[/class/dynamic],methods=[GET]}" onto public com.zaozao.response.CommonReturnType com.zaozao.controller.ClassController.getSchoolGradeClass() throws java.lang.Exception
2019-03-05 15:08:51.643 [main] INFO  o.s.w.s.m.m.a.RequestMappingHandlerMapping - Mapped "{[/class/update],methods=[POST],consumes=[application/x-www-form-urlencoded]}" onto public com.zaozao.response.CommonReturnType com.zaozao.controller.ClassController.updateClassById(java.lang.Integer,java.lang.Integer,java.lang.Integer,java.lang.Integer,java.lang.String) throws java.lang.Exception
2019-03-05 15:08:51.643 [main] INFO  o.s.w.s.m.m.a.RequestMappingHandlerMapping - Mapped "{[/class/export],methods=[GET]}" onto public void com.zaozao.controller.ClassController.exportClass(javax.servlet.http.HttpServletRequest,javax.servlet.http.HttpServletResponse) throws java.io.IOException,com.zaozao.error.BusinessException
2019-03-05 15:08:51.644 [main] INFO  o.s.w.s.m.m.a.RequestMappingHandlerMapping - Mapped "{[/class/export/template],methods=[GET]}" onto public void com.zaozao.controller.ClassController.exportClassTemplate(javax.servlet.http.HttpServletRequest,javax.servlet.http.HttpServletResponse) throws java.io.IOException,com.zaozao.error.BusinessException
2019-03-05 15:08:51.644 [main] INFO  o.s.w.s.m.m.a.RequestMappingHandlerMapping - Mapped "{[/class/import],methods=[POST],consumes=[multipart/form-data]}" onto public boolean com.zaozao.controller.ClassController.importClass(org.springframework.web.multipart.MultipartFile) throws com.zaozao.error.BusinessException
2019-03-05 15:08:51.645 [main] INFO  o.s.w.s.m.m.a.RequestMappingHandlerMapping - Mapped "{[/home/data],methods=[GET]}" onto public com.zaozao.response.CommonReturnType com.zaozao.controller.IndexDataController.searchData() throws java.lang.InterruptedException,com.zaozao.error.BusinessException,java.util.concurrent.ExecutionException
2019-03-05 15:08:51.646 [main] INFO  o.s.w.s.m.m.a.RequestMappingHandlerMapping - Mapped "{[/isv/get],methods=[GET]}" onto public com.zaozao.response.CommonReturnType com.zaozao.controller.IsvController.getStudent() throws java.lang.Exception
2019-03-05 15:08:51.647 [main] INFO  o.s.w.s.m.m.a.RequestMappingHandlerMapping - Mapped "{[/isv/get/list],methods=[GET]}" onto public com.zaozao.response.CommonReturnType com.zaozao.controller.IsvController.getIsvList() throws java.lang.Exception
2019-03-05 15:08:51.648 [main] INFO  o.s.w.s.m.m.a.RequestMappingHandlerMapping - Mapped "{[/isv/update],methods=[POST],consumes=[application/x-www-form-urlencoded]}" onto public com.zaozao.response.CommonReturnType com.zaozao.controller.IsvController.updateIsvInfo(java.lang.Integer,java.lang.String,java.lang.String,java.lang.String,java.lang.String,java.lang.String,java.lang.String,java.lang.String,java.lang.String) throws java.lang.Exception
2019-03-05 15:08:51.648 [main] INFO  o.s.w.s.m.m.a.RequestMappingHandlerMapping - Mapped "{[/isv/create],methods=[POST],consumes=[application/x-www-form-urlencoded]}" onto public com.zaozao.response.CommonReturnType com.zaozao.controller.IsvController.createIsv(java.lang.String,java.lang.String,java.lang.String,java.lang.String,java.lang.String,java.lang.String,java.lang.String,java.lang.String) throws java.lang.Exception
2019-03-05 15:08:51.649 [main] INFO  o.s.w.s.m.m.a.RequestMappingHandlerMapping - Mapped "{[/isv/delete],methods=[POST],consumes=[application/x-www-form-urlencoded]}" onto public com.zaozao.response.CommonReturnType com.zaozao.controller.IsvController.deleteIsv(java.lang.Integer) throws java.lang.Exception
2019-03-05 15:08:51.650 [main] INFO  o.s.w.s.m.m.a.RequestMappingHandlerMapping - Mapped "{[/school/info/dynamic],methods=[GET]}" onto public com.zaozao.response.CommonReturnType com.zaozao.controller.SchoolController.getSchoolGradeClass() throws java.lang.Exception
2019-03-05 15:08:51.651 [main] INFO  o.s.w.s.m.m.a.RequestMappingHandlerMapping - Mapped "{[/school/class/info],methods=[GET]}" onto public com.zaozao.response.CommonReturnType com.zaozao.controller.SchoolController.getSchoolAndClass()
2019-03-05 15:08:51.651 [main] INFO  o.s.w.s.m.m.a.RequestMappingHandlerMapping - Mapped "{[/school/get],methods=[GET]}" onto public com.zaozao.response.CommonReturnType com.zaozao.controller.SchoolController.getSchoolList() throws java.lang.Exception
2019-03-05 15:08:51.652 [main] INFO  o.s.w.s.m.m.a.RequestMappingHandlerMapping - Mapped "{[/school/create],methods=[POST],consumes=[application/x-www-form-urlencoded]}" onto public com.zaozao.response.CommonReturnType com.zaozao.controller.SchoolController.createSchool(java.lang.String,java.lang.String,java.lang.String,java.lang.String,java.lang.String,java.lang.String,java.lang.String,java.lang.Integer) throws java.lang.Exception
2019-03-05 15:08:51.653 [main] INFO  o.s.w.s.m.m.a.RequestMappingHandlerMapping - Mapped "{[/school/add/mch],methods=[POST],consumes=[application/x-www-form-urlencoded]}" onto public com.zaozao.response.CommonReturnType com.zaozao.controller.SchoolController.createSchool(java.lang.Integer,java.lang.String,java.lang.String) throws java.lang.Exception
2019-03-05 15:08:51.654 [main] INFO  o.s.w.s.m.m.a.RequestMappingHandlerMapping - Mapped "{[/school/update],methods=[POST],consumes=[multipart/form-data]}" onto public com.zaozao.response.CommonReturnType com.zaozao.controller.SchoolController.updateSchool(java.lang.Integer,java.lang.String,java.lang.String,java.lang.String,java.lang.String,java.lang.String,java.lang.String,java.lang.String,java.lang.Integer) throws java.lang.Exception
2019-03-05 15:08:51.654 [main] INFO  o.s.w.s.m.m.a.RequestMappingHandlerMapping - Mapped "{[/school/delete],methods=[POST],consumes=[application/x-www-form-urlencoded]}" onto public com.zaozao.response.CommonReturnType com.zaozao.controller.SchoolController.deleteSchool(java.lang.Integer) throws java.lang.Exception
2019-03-05 15:08:51.658 [main] INFO  o.s.w.s.m.m.a.RequestMappingHandlerMapping - Mapped "{[/student/get],methods=[GET]}" onto public com.zaozao.response.CommonReturnType com.zaozao.controller.StudentController.getStudent(java.lang.Integer,java.lang.Integer,java.lang.String)
2019-03-05 15:08:51.659 [main] INFO  o.s.w.s.m.m.a.RequestMappingHandlerMapping - Mapped "{[/student/get/list],methods=[GET]}" onto public com.zaozao.response.CommonReturnType com.zaozao.controller.StudentController.getStudentList() throws java.lang.Exception
2019-03-05 15:08:51.660 [main] INFO  o.s.w.s.m.m.a.RequestMappingHandlerMapping - Mapped "{[/student/query/list],methods=[POST],produces=[application/json]}" onto public com.zaozao.response.CommonReturnType com.zaozao.controller.StudentController.queryStudentList(java.util.Map<java.lang.String, java.lang.Object>) throws java.lang.Exception
2019-03-05 15:08:51.660 [main] INFO  o.s.w.s.m.m.a.RequestMappingHandlerMapping - Mapped "{[/student/update],methods=[POST],consumes=[application/x-www-form-urlencoded]}" onto public com.zaozao.response.CommonReturnType com.zaozao.controller.StudentController.updateStudentInfo(java.lang.Integer,java.lang.String,java.lang.String,java.lang.Byte,java.lang.Integer,java.lang.Integer,java.lang.String,java.lang.String,java.lang.String,java.lang.Byte,java.lang.Byte) throws java.lang.Exception
2019-03-05 15:08:51.661 [main] INFO  o.s.w.s.m.m.a.RequestMappingHandlerMapping - Mapped "{[/student/create],methods=[POST],consumes=[application/x-www-form-urlencoded]}" onto public com.zaozao.response.CommonReturnType com.zaozao.controller.StudentController.createStudent(java.lang.String,java.lang.String,java.lang.Byte,java.lang.Integer,java.lang.String,java.lang.String,java.lang.String,java.lang.Byte,java.lang.Byte) throws java.lang.Exception
2019-03-05 15:08:51.661 [main] INFO  o.s.w.s.m.m.a.RequestMappingHandlerMapping - Mapped "{[/student/delete],methods=[POST],consumes=[application/x-www-form-urlencoded]}" onto public com.zaozao.response.CommonReturnType com.zaozao.controller.StudentController.deleteStudent(java.lang.Integer,java.lang.Integer) throws java.lang.Exception
2019-03-05 15:08:51.662 [main] INFO  o.s.w.s.m.m.a.RequestMappingHandlerMapping - Mapped "{[/student/delete/batch],methods=[POST],consumes=[application/x-www-form-urlencoded]}" onto public com.zaozao.response.CommonReturnType com.zaozao.controller.StudentController.deleteStudentBatch(java.lang.String,java.lang.Integer) throws java.lang.Exception
2019-03-05 15:08:51.662 [main] INFO  o.s.w.s.m.m.a.RequestMappingHandlerMapping - Mapped "{[/student/import],methods=[POST],consumes=[multipart/form-data]}" onto public boolean com.zaozao.controller.StudentController.importStudent(org.springframework.web.multipart.MultipartFile,java.lang.Integer) throws com.zaozao.error.BusinessException
2019-03-05 15:08:51.662 [main] INFO  o.s.w.s.m.m.a.RequestMappingHandlerMapping - Mapped "{[/student/export],methods=[GET]}" onto public void com.zaozao.controller.StudentController.exportStudent(javax.servlet.http.HttpServletRequest,javax.servlet.http.HttpServletResponse,java.lang.Integer) throws java.io.IOException,com.zaozao.error.BusinessException
2019-03-05 15:08:51.663 [main] INFO  o.s.w.s.m.m.a.RequestMappingHandlerMapping - Mapped "{[/student/export/template],methods=[GET]}" onto public void com.zaozao.controller.StudentController.exportStudentTemplate(javax.servlet.http.HttpServletRequest,javax.servlet.http.HttpServletResponse) throws java.io.IOException,com.zaozao.error.BusinessException
2019-03-05 15:08:51.665 [main] INFO  o.s.w.s.m.m.a.RequestMappingHandlerMapping - Mapped "{[/wechat/test/close]}" onto public com.zaozao.response.CommonReturnType com.zaozao.controller.WechatPayController.test()
2019-03-05 15:08:51.666 [main] INFO  o.s.w.s.m.m.a.RequestMappingHandlerMapping - Mapped "{[/wechat/bind],methods=[POST]}" onto public com.zaozao.response.CommonReturnType com.zaozao.controller.WechatPayController.bindOpenId(java.lang.String,java.lang.String,java.lang.String) throws java.lang.Exception
2019-03-05 15:08:51.666 [main] INFO  o.s.w.s.m.m.a.RequestMappingHandlerMapping - Mapped "{[/wechat/unbind],methods=[POST]}" onto public com.zaozao.response.CommonReturnType com.zaozao.controller.WechatPayController.unbindOpenId(java.lang.String,java.lang.String) throws java.lang.Exception
2019-03-05 15:08:51.667 [main] INFO  o.s.w.s.m.m.a.RequestMappingHandlerMapping - Mapped "{[/wechat/search/unpaid],methods=[POST]}" onto public com.zaozao.response.CommonReturnType com.zaozao.controller.WechatPayController.searchUnpaid(java.lang.String) throws java.lang.Exception
2019-03-05 15:08:51.667 [main] INFO  o.s.w.s.m.m.a.RequestMappingHandlerMapping - Mapped "{[/wechat/pay],methods=[POST]}" onto public com.zaozao.response.CommonReturnType com.zaozao.controller.WechatPayController.wechatPay(java.lang.String,java.lang.Integer,javax.servlet.http.HttpServletRequest)
2019-03-05 15:08:51.667 [main] INFO  o.s.w.s.m.m.a.RequestMappingHandlerMapping - Mapped "{[/wechat/notify]}" onto public void com.zaozao.controller.WechatPayController.wechatNotify(javax.servlet.http.HttpServletRequest,javax.servlet.http.HttpServletResponse) throws java.lang.Exception
2019-03-05 15:08:51.668 [main] INFO  o.s.w.s.m.m.a.RequestMappingHandlerMapping - Mapped "{[/wechat/search/paid],methods=[POST]}" onto public com.zaozao.response.CommonReturnType com.zaozao.controller.WechatPayController.searchPaid(java.lang.String) throws java.lang.Exception
2019-03-05 15:08:51.668 [main] INFO  o.s.w.s.m.m.a.RequestMappingHandlerMapping - Mapped "{[/wechat/login],methods=[GET]}" onto public com.zaozao.response.CommonReturnType com.zaozao.controller.WechatPayController.login(java.lang.String)
2019-03-05 15:08:51.672 [main] INFO  o.s.w.s.m.m.a.RequestMappingHandlerMapping - Mapped "{[/error]}" onto public org.springframework.http.ResponseEntity<java.util.Map<java.lang.String, java.lang.Object>> org.springframework.boot.autoconfigure.web.servlet.error.BasicErrorController.error(javax.servlet.http.HttpServletRequest)
2019-03-05 15:08:51.673 [main] INFO  o.s.w.s.m.m.a.RequestMappingHandlerMapping - Mapped "{[/error],produces=[text/html]}" onto public org.springframework.web.servlet.ModelAndView org.springframework.boot.autoconfigure.web.servlet.error.BasicErrorController.errorHtml(javax.servlet.http.HttpServletRequest,javax.servlet.http.HttpServletResponse)
2019-03-05 15:08:51.712 [main] INFO  o.s.web.servlet.handler.SimpleUrlHandlerMapping - Mapped URL path [/webjars/**] onto handler of type [class org.springframework.web.servlet.resource.ResourceHttpRequestHandler]
2019-03-05 15:08:51.712 [main] INFO  o.s.web.servlet.handler.SimpleUrlHandlerMapping - Mapped URL path [/**] onto handler of type [class org.springframework.web.servlet.resource.ResourceHttpRequestHandler]
2019-03-05 15:08:52.170 [main] INFO  o.s.jmx.export.annotation.AnnotationMBeanExporter - Registering beans for JMX exposure on startup
2019-03-05 15:08:52.172 [main] INFO  o.s.jmx.export.annotation.AnnotationMBeanExporter - Bean with name 'dataSource' has been autodetected for JMX exposure
2019-03-05 15:08:52.176 [main] INFO  o.s.jmx.export.annotation.AnnotationMBeanExporter - Located MBean 'dataSource': registering with JMX server as MBean [com.alibaba.druid.pool:name=dataSource,type=DruidDataSource]
2019-03-05 15:08:52.186 [main] INFO  org.apache.coyote.http11.Http11NioProtocol - Starting ProtocolHandler ["http-nio-8070"]
2019-03-05 15:08:52.211 [main] INFO  org.apache.tomcat.util.net.NioSelectorPool - Using a shared selector for servlet write/read
2019-03-05 15:08:52.224 [main] INFO  o.s.boot.web.embedded.tomcat.TomcatWebServer - Tomcat started on port(s): 8070 (http) with context path ''
2019-03-05 15:08:52.228 [main] INFO  com.zaozao.App - Started App in 4.827 seconds (JVM running for 5.378)
2019-03-05 16:43:43.305 [Thread-3] INFO  o.s.b.w.s.c.AnnotationConfigServletWebServerApplicationContext - Closing org.springframework.boot.web.servlet.context.AnnotationConfigServletWebServerApplicationContext@175c2241: startup date [Tue Mar 05 15:08:48 CST 2019]; root of context hierarchy
2019-03-05 16:43:43.309 [Thread-3] INFO  o.s.jmx.export.annotation.AnnotationMBeanExporter - Unregistering JMX-exposed beans on shutdown
2019-03-05 16:43:43.310 [Thread-3] INFO  o.s.jmx.export.annotation.AnnotationMBeanExporter - Unregistering JMX-exposed beans
2019-03-05 16:43:49.071 [main] INFO  com.zaozao.App - Starting App on Sidney.local with PID 50376 (/Users/chenxiaotian/myWorkspace/education/target/classes started by chenxiaotian in /Users/chenxiaotian/myWorkspace/education)
2019-03-05 16:43:49.078 [main] INFO  com.zaozao.App - The following profiles are active: dev
2019-03-05 16:43:49.194 [main] INFO  o.s.b.w.s.c.AnnotationConfigServletWebServerApplicationContext - Refreshing org.springframework.boot.web.servlet.context.AnnotationConfigServletWebServerApplicationContext@1bd4fdd: startup date [Tue Mar 05 16:43:49 CST 2019]; root of context hierarchy
2019-03-05 16:43:49.842 [main] INFO  o.s.d.r.config.RepositoryConfigurationDelegate - Multiple Spring Data modules found, entering strict repository configuration mode!
2019-03-05 16:43:50.280 [main] INFO  o.s.c.s.PostProcessorRegistrationDelegate$BeanPostProcessorChecker - Bean 'org.springframework.transaction.annotation.ProxyTransactionManagementConfiguration' of type [org.springframework.transaction.annotation.ProxyTransactionManagementConfiguration$$EnhancerBySpringCGLIB$$ff62e2f8] is not eligible for getting processed by all BeanPostProcessors (for example: not eligible for auto-proxying)
2019-03-05 16:43:50.725 [main] INFO  o.s.boot.web.embedded.tomcat.TomcatWebServer - Tomcat initialized with port(s): 8070 (http)
2019-03-05 16:43:50.741 [main] INFO  org.apache.coyote.http11.Http11NioProtocol - Initializing ProtocolHandler ["http-nio-8070"]
2019-03-05 16:43:50.753 [main] INFO  org.apache.catalina.core.StandardService - Starting service [Tomcat]
2019-03-05 16:43:50.754 [main] INFO  org.apache.catalina.core.StandardEngine - Starting Servlet Engine: Apache Tomcat/8.5.34
2019-03-05 16:43:50.762 [localhost-startStop-1] INFO  org.apache.catalina.core.AprLifecycleListener - The APR based Apache Tomcat Native library which allows optimal performance in production environments was not found on the java.library.path: [/Users/chenxiaotian/Library/Java/Extensions:/Library/Java/Extensions:/Network/Library/Java/Extensions:/System/Library/Java/Extensions:/usr/lib/java:.]
2019-03-05 16:43:50.938 [localhost-startStop-1] INFO  o.a.c.core.ContainerBase.[Tomcat].[localhost].[/] - Initializing Spring embedded WebApplicationContext
2019-03-05 16:43:50.939 [localhost-startStop-1] INFO  org.springframework.web.context.ContextLoader - Root WebApplicationContext: initialization completed in 1745 ms
2019-03-05 16:43:51.029 [localhost-startStop-1] INFO  o.s.boot.web.servlet.ServletRegistrationBean - Servlet dispatcherServlet mapped to [/]
2019-03-05 16:43:51.032 [localhost-startStop-1] INFO  o.s.boot.web.servlet.FilterRegistrationBean - Mapping filter: 'characterEncodingFilter' to: [/*]
2019-03-05 16:43:51.033 [localhost-startStop-1] INFO  o.s.boot.web.servlet.FilterRegistrationBean - Mapping filter: 'hiddenHttpMethodFilter' to: [/*]
2019-03-05 16:43:51.033 [localhost-startStop-1] INFO  o.s.boot.web.servlet.FilterRegistrationBean - Mapping filter: 'httpPutFormContentFilter' to: [/*]
2019-03-05 16:43:51.033 [localhost-startStop-1] INFO  o.s.boot.web.servlet.FilterRegistrationBean - Mapping filter: 'requestContextFilter' to: [/*]
2019-03-05 16:43:51.986 [main] INFO  o.s.web.servlet.handler.SimpleUrlHandlerMapping - Mapped URL path [/**/favicon.ico] onto handler of type [class org.springframework.web.servlet.resource.ResourceHttpRequestHandler]
2019-03-05 16:43:52.194 [main] INFO  o.s.w.s.m.m.a.RequestMappingHandlerAdapter - Looking for @ControllerAdvice: org.springframework.boot.web.servlet.context.AnnotationConfigServletWebServerApplicationContext@1bd4fdd: startup date [Tue Mar 05 16:43:49 CST 2019]; root of context hierarchy
2019-03-05 16:43:52.265 [main] INFO  o.s.w.s.m.m.a.RequestMappingHandlerMapping - Mapped "{[/admin/create],methods=[POST],consumes=[application/x-www-form-urlencoded]}" onto public com.zaozao.response.CommonReturnType com.zaozao.controller.AdminController.create(java.lang.String,java.lang.Integer,java.lang.String,java.lang.String,java.lang.String,java.lang.Integer) throws com.zaozao.error.BusinessException,java.security.NoSuchAlgorithmException
2019-03-05 16:43:52.267 [main] INFO  o.s.w.s.m.m.a.RequestMappingHandlerMapping - Mapped "{[/admin/login],methods=[POST],consumes=[application/x-www-form-urlencoded]}" onto public com.zaozao.response.CommonReturnType com.zaozao.controller.AdminController.login(java.lang.String,java.lang.String) throws com.zaozao.error.BusinessException,java.security.NoSuchAlgorithmException
2019-03-05 16:43:52.268 [main] INFO  o.s.w.s.m.m.a.RequestMappingHandlerMapping - Mapped "{[/admin/logout],methods=[GET]}" onto public com.zaozao.response.CommonReturnType com.zaozao.controller.AdminController.loginOut()
2019-03-05 16:43:52.268 [main] INFO  o.s.w.s.m.m.a.RequestMappingHandlerMapping - Mapped "{[/admin/list],methods=[GET]}" onto public com.zaozao.response.CommonReturnType com.zaozao.controller.AdminController.listAdmin() throws com.zaozao.error.BusinessException
2019-03-05 16:43:52.268 [main] INFO  o.s.w.s.m.m.a.RequestMappingHandlerMapping - Mapped "{[/admin/delete],methods=[POST],consumes=[application/x-www-form-urlencoded]}" onto public com.zaozao.response.CommonReturnType com.zaozao.controller.AdminController.deleteById(java.lang.Integer) throws com.zaozao.error.BusinessException
2019-03-05 16:43:52.269 [main] INFO  o.s.w.s.m.m.a.RequestMappingHandlerMapping - Mapped "{[/admin/update],methods=[POST],consumes=[application/x-www-form-urlencoded]}" onto public com.zaozao.response.CommonReturnType com.zaozao.controller.AdminController.updateById(java.lang.Integer,java.lang.String,java.lang.Integer,java.lang.String,java.lang.String,java.lang.String) throws com.zaozao.error.BusinessException,java.security.NoSuchAlgorithmException
2019-03-05 16:43:52.274 [main] INFO  o.s.w.s.m.m.a.RequestMappingHandlerMapping - Mapped "{[/bill/unpaid],methods=[POST],consumes=[application/x-www-form-urlencoded]}" onto public com.zaozao.response.CommonReturnType com.zaozao.controller.BillController.getUnpaidBill(java.lang.Integer,java.lang.Integer,java.lang.String) throws com.zaozao.error.BusinessException
2019-03-05 16:43:52.274 [main] INFO  o.s.w.s.m.m.a.RequestMappingHandlerMapping - Mapped "{[/bill/pay],methods=[POST],consumes=[application/x-www-form-urlencoded]}" onto public com.zaozao.response.CommonReturnType com.zaozao.controller.BillController.pay(java.lang.Integer)
2019-03-05 16:43:52.274 [main] INFO  o.s.w.s.m.m.a.RequestMappingHandlerMapping - Mapped "{[/bill/delete/item],methods=[POST],consumes=[application/x-www-form-urlencoded]}" onto public com.zaozao.response.CommonReturnType com.zaozao.controller.BillController.createItem(java.lang.Integer,java.lang.Integer) throws java.lang.Exception
2019-03-05 16:43:52.275 [main] INFO  o.s.w.s.m.m.a.RequestMappingHandlerMapping - Mapped "{[/bill/create/item],methods=[POST],consumes=[application/x-www-form-urlencoded]}" onto public com.zaozao.response.CommonReturnType com.zaozao.controller.BillController.createItem(java.lang.String) throws java.lang.Exception
2019-03-05 16:43:52.275 [main] INFO  o.s.w.s.m.m.a.RequestMappingHandlerMapping - Mapped "{[/bill/list/item],methods=[GET]}" onto public com.zaozao.response.CommonReturnType com.zaozao.controller.BillController.listItem() throws com.zaozao.error.BusinessException
2019-03-05 16:43:52.275 [main] INFO  o.s.w.s.m.m.a.RequestMappingHandlerMapping - Mapped "{[/bill/list],methods=[GET]}" onto public com.zaozao.response.CommonReturnType com.zaozao.controller.BillController.getBillList() throws java.lang.Exception
2019-03-05 16:43:52.276 [main] INFO  o.s.w.s.m.m.a.RequestMappingHandlerMapping - Mapped "{[/bill/query/list],methods=[POST],consumes=[application/x-www-form-urlencoded]}" onto public com.zaozao.response.CommonReturnType com.zaozao.controller.BillController.queryBillList(java.lang.Integer,java.lang.Integer,java.lang.Integer,java.lang.String,java.lang.String,java.lang.String,java.lang.String,java.lang.String,java.lang.Byte,java.lang.Byte,java.lang.String,java.lang.Integer) throws java.lang.Exception
2019-03-05 16:43:52.276 [main] INFO  o.s.w.s.m.m.a.RequestMappingHandlerMapping - Mapped "{[/bill/list/history],methods=[GET]}" onto public com.zaozao.response.CommonReturnType com.zaozao.controller.BillController.getBillHistoryList() throws java.lang.Exception
2019-03-05 16:43:52.276 [main] INFO  o.s.w.s.m.m.a.RequestMappingHandlerMapping - Mapped "{[/bill/create/bill],methods=[POST],consumes=[application/x-www-form-urlencoded]}" onto public com.zaozao.response.CommonReturnType com.zaozao.controller.BillController.createBill(java.lang.String,java.lang.String,java.lang.Integer,java.math.BigDecimal,java.lang.String) throws java.lang.Exception
2019-03-05 16:43:52.277 [main] INFO  o.s.w.s.m.m.a.RequestMappingHandlerMapping - Mapped "{[/bill/click/collection],methods=[POST],consumes=[application/x-www-form-urlencoded]}" onto public com.zaozao.response.CommonReturnType com.zaozao.controller.BillController.updateBill(java.lang.String,java.lang.Byte,java.lang.String,java.lang.String,java.lang.String) throws java.lang.Exception
2019-03-05 16:43:52.279 [main] INFO  o.s.w.s.m.m.a.RequestMappingHandlerMapping - Mapped "{[/bill/update/bill],methods=[POST],consumes=[application/x-www-form-urlencoded]}" onto public com.zaozao.response.CommonReturnType com.zaozao.controller.BillController.updateBill(java.lang.Integer,java.lang.Integer,java.lang.String,java.lang.String,java.lang.Integer,java.math.BigDecimal,java.lang.String,java.lang.Byte) throws java.lang.Exception
2019-03-05 16:43:52.279 [main] INFO  o.s.w.s.m.m.a.RequestMappingHandlerMapping - Mapped "{[/bill/delete/bill],methods=[POST],consumes=[application/x-www-form-urlencoded]}" onto public com.zaozao.response.CommonReturnType com.zaozao.controller.BillController.deleteBill(java.lang.Integer,java.lang.Integer) throws java.lang.Exception
2019-03-05 16:43:52.280 [main] INFO  o.s.w.s.m.m.a.RequestMappingHandlerMapping - Mapped "{[/bill/delete/batch],methods=[POST],consumes=[application/x-www-form-urlencoded]}" onto public com.zaozao.response.CommonReturnType com.zaozao.controller.BillController.deleteBatchBill(java.lang.String,java.lang.Integer) throws java.lang.Exception
2019-03-05 16:43:52.280 [main] INFO  o.s.w.s.m.m.a.RequestMappingHandlerMapping - Mapped "{[/bill/import],methods=[POST],consumes=[multipart/form-data]}" onto public boolean com.zaozao.controller.BillController.importBill(org.springframework.web.multipart.MultipartFile) throws com.zaozao.error.BusinessException
2019-03-05 16:43:52.280 [main] INFO  o.s.w.s.m.m.a.RequestMappingHandlerMapping - Mapped "{[/bill/export],methods=[GET]}" onto public void com.zaozao.controller.BillController.exportBill(javax.servlet.http.HttpServletRequest,javax.servlet.http.HttpServletResponse,java.lang.Integer) throws java.io.IOException,com.zaozao.error.BusinessException
2019-03-05 16:43:52.281 [main] INFO  o.s.w.s.m.m.a.RequestMappingHandlerMapping - Mapped "{[/bill/export/template],methods=[GET]}" onto public void com.zaozao.controller.BillController.exportBillTemplate(javax.servlet.http.HttpServletRequest,javax.servlet.http.HttpServletResponse) throws java.io.IOException,com.zaozao.error.BusinessException
2019-03-05 16:43:52.283 [main] INFO  o.s.w.s.m.m.a.RequestMappingHandlerMapping - Mapped "{[/class/import],methods=[POST],consumes=[multipart/form-data]}" onto public boolean com.zaozao.controller.ClassController.importClass(org.springframework.web.multipart.MultipartFile) throws com.zaozao.error.BusinessException
2019-03-05 16:43:52.283 [main] INFO  o.s.w.s.m.m.a.RequestMappingHandlerMapping - Mapped "{[/class/get],methods=[GET]}" onto public com.zaozao.response.CommonReturnType com.zaozao.controller.ClassController.getClassList() throws java.lang.Exception
2019-03-05 16:43:52.283 [main] INFO  o.s.w.s.m.m.a.RequestMappingHandlerMapping - Mapped "{[/class/dynamic],methods=[GET]}" onto public com.zaozao.response.CommonReturnType com.zaozao.controller.ClassController.getSchoolGradeClass() throws java.lang.Exception
2019-03-05 16:43:52.283 [main] INFO  o.s.w.s.m.m.a.RequestMappingHandlerMapping - Mapped "{[/class/create],methods=[POST],consumes=[application/x-www-form-urlencoded]}" onto public com.zaozao.response.CommonReturnType com.zaozao.controller.ClassController.createClass(java.lang.Integer,java.lang.Integer,java.lang.String) throws java.lang.Exception
2019-03-05 16:43:52.284 [main] INFO  o.s.w.s.m.m.a.RequestMappingHandlerMapping - Mapped "{[/class/update],methods=[POST],consumes=[application/x-www-form-urlencoded]}" onto public com.zaozao.response.CommonReturnType com.zaozao.controller.ClassController.updateClassById(java.lang.Integer,java.lang.Integer,java.lang.Integer,java.lang.Integer,java.lang.String) throws java.lang.Exception
2019-03-05 16:43:52.284 [main] INFO  o.s.w.s.m.m.a.RequestMappingHandlerMapping - Mapped "{[/class/upgrade],methods=[GET]}" onto public com.zaozao.response.CommonReturnType com.zaozao.controller.ClassController.upgradeClassById() throws java.lang.Exception
2019-03-05 16:43:52.285 [main] INFO  o.s.w.s.m.m.a.RequestMappingHandlerMapping - Mapped "{[/class/delete],methods=[POST],consumes=[application/x-www-form-urlencoded]}" onto public com.zaozao.response.CommonReturnType com.zaozao.controller.ClassController.deleteClassById(java.lang.Integer,java.lang.Integer) throws java.lang.Exception
2019-03-05 16:43:52.285 [main] INFO  o.s.w.s.m.m.a.RequestMappingHandlerMapping - Mapped "{[/class/export],methods=[GET]}" onto public void com.zaozao.controller.ClassController.exportClass(javax.servlet.http.HttpServletRequest,javax.servlet.http.HttpServletResponse) throws java.io.IOException,com.zaozao.error.BusinessException
2019-03-05 16:43:52.285 [main] INFO  o.s.w.s.m.m.a.RequestMappingHandlerMapping - Mapped "{[/class/export/template],methods=[GET]}" onto public void com.zaozao.controller.ClassController.exportClassTemplate(javax.servlet.http.HttpServletRequest,javax.servlet.http.HttpServletResponse) throws java.io.IOException,com.zaozao.error.BusinessException
2019-03-05 16:43:52.286 [main] INFO  o.s.w.s.m.m.a.RequestMappingHandlerMapping - Mapped "{[/home/data],methods=[GET]}" onto public com.zaozao.response.CommonReturnType com.zaozao.controller.IndexDataController.searchData() throws java.lang.InterruptedException,com.zaozao.error.BusinessException,java.util.concurrent.ExecutionException
2019-03-05 16:43:52.288 [main] INFO  o.s.w.s.m.m.a.RequestMappingHandlerMapping - Mapped "{[/isv/get],methods=[GET]}" onto public com.zaozao.response.CommonReturnType com.zaozao.controller.IsvController.getStudent() throws java.lang.Exception
2019-03-05 16:43:52.288 [main] INFO  o.s.w.s.m.m.a.RequestMappingHandlerMapping - Mapped "{[/isv/update],methods=[POST],consumes=[application/x-www-form-urlencoded]}" onto public com.zaozao.response.CommonReturnType com.zaozao.controller.IsvController.updateIsvInfo(java.lang.Integer,java.lang.String,java.lang.String,java.lang.String,java.lang.String,java.lang.String,java.lang.String,java.lang.String,java.lang.String) throws java.lang.Exception
2019-03-05 16:43:52.288 [main] INFO  o.s.w.s.m.m.a.RequestMappingHandlerMapping - Mapped "{[/isv/get/list],methods=[GET]}" onto public com.zaozao.response.CommonReturnType com.zaozao.controller.IsvController.getIsvList() throws java.lang.Exception
2019-03-05 16:43:52.289 [main] INFO  o.s.w.s.m.m.a.RequestMappingHandlerMapping - Mapped "{[/isv/create],methods=[POST],consumes=[application/x-www-form-urlencoded]}" onto public com.zaozao.response.CommonReturnType com.zaozao.controller.IsvController.createIsv(java.lang.String,java.lang.String,java.lang.String,java.lang.String,java.lang.String,java.lang.String,java.lang.String,java.lang.String) throws java.lang.Exception
2019-03-05 16:43:52.289 [main] INFO  o.s.w.s.m.m.a.RequestMappingHandlerMapping - Mapped "{[/isv/delete],methods=[POST],consumes=[application/x-www-form-urlencoded]}" onto public com.zaozao.response.CommonReturnType com.zaozao.controller.IsvController.deleteIsv(java.lang.Integer) throws java.lang.Exception
2019-03-05 16:43:52.291 [main] INFO  o.s.w.s.m.m.a.RequestMappingHandlerMapping - Mapped "{[/school/class/info],methods=[GET]}" onto public com.zaozao.response.CommonReturnType com.zaozao.controller.SchoolController.getSchoolAndClass()
2019-03-05 16:43:52.291 [main] INFO  o.s.w.s.m.m.a.RequestMappingHandlerMapping - Mapped "{[/school/get],methods=[GET]}" onto public com.zaozao.response.CommonReturnType com.zaozao.controller.SchoolController.getSchoolList() throws java.lang.Exception
2019-03-05 16:43:52.292 [main] INFO  o.s.w.s.m.m.a.RequestMappingHandlerMapping - Mapped "{[/school/create],methods=[POST],consumes=[application/x-www-form-urlencoded]}" onto public com.zaozao.response.CommonReturnType com.zaozao.controller.SchoolController.createSchool(java.lang.String,java.lang.String,java.lang.String,java.lang.String,java.lang.String,java.lang.String,java.lang.String,java.lang.Integer) throws java.lang.Exception
2019-03-05 16:43:52.292 [main] INFO  o.s.w.s.m.m.a.RequestMappingHandlerMapping - Mapped "{[/school/add/mch],methods=[POST],consumes=[application/x-www-form-urlencoded]}" onto public com.zaozao.response.CommonReturnType com.zaozao.controller.SchoolController.createSchool(java.lang.Integer,java.lang.String,java.lang.String) throws java.lang.Exception
2019-03-05 16:43:52.292 [main] INFO  o.s.w.s.m.m.a.RequestMappingHandlerMapping - Mapped "{[/school/update],methods=[POST],consumes=[multipart/form-data]}" onto public com.zaozao.response.CommonReturnType com.zaozao.controller.SchoolController.updateSchool(java.lang.Integer,java.lang.String,java.lang.String,java.lang.String,java.lang.String,java.lang.String,java.lang.String,java.lang.String,java.lang.Integer) throws java.lang.Exception
2019-03-05 16:43:52.293 [main] INFO  o.s.w.s.m.m.a.RequestMappingHandlerMapping - Mapped "{[/school/delete],methods=[POST],consumes=[application/x-www-form-urlencoded]}" onto public com.zaozao.response.CommonReturnType com.zaozao.controller.SchoolController.deleteSchool(java.lang.Integer) throws java.lang.Exception
2019-03-05 16:43:52.293 [main] INFO  o.s.w.s.m.m.a.RequestMappingHandlerMapping - Mapped "{[/school/info/dynamic],methods=[GET]}" onto public com.zaozao.response.CommonReturnType com.zaozao.controller.SchoolController.getSchoolGradeClass() throws java.lang.Exception
2019-03-05 16:43:52.296 [main] INFO  o.s.w.s.m.m.a.RequestMappingHandlerMapping - Mapped "{[/student/get],methods=[GET]}" onto public com.zaozao.response.CommonReturnType com.zaozao.controller.StudentController.getStudent(java.lang.Integer,java.lang.Integer,java.lang.String)
2019-03-05 16:43:52.297 [main] INFO  o.s.w.s.m.m.a.RequestMappingHandlerMapping - Mapped "{[/student/get/list],methods=[GET]}" onto public com.zaozao.response.CommonReturnType com.zaozao.controller.StudentController.getStudentList() throws java.lang.Exception
2019-03-05 16:43:52.297 [main] INFO  o.s.w.s.m.m.a.RequestMappingHandlerMapping - Mapped "{[/student/query/list],methods=[POST],produces=[application/json]}" onto public com.zaozao.response.CommonReturnType com.zaozao.controller.StudentController.queryStudentList(java.util.Map<java.lang.String, java.lang.Object>) throws java.lang.Exception
2019-03-05 16:43:52.298 [main] INFO  o.s.w.s.m.m.a.RequestMappingHandlerMapping - Mapped "{[/student/update],methods=[POST],consumes=[application/x-www-form-urlencoded]}" onto public com.zaozao.response.CommonReturnType com.zaozao.controller.StudentController.updateStudentInfo(java.lang.Integer,java.lang.String,java.lang.String,java.lang.Byte,java.lang.Integer,java.lang.Integer,java.lang.String,java.lang.String,java.lang.String,java.lang.Byte,java.lang.Byte) throws java.lang.Exception
2019-03-05 16:43:52.298 [main] INFO  o.s.w.s.m.m.a.RequestMappingHandlerMapping - Mapped "{[/student/create],methods=[POST],consumes=[application/x-www-form-urlencoded]}" onto public com.zaozao.response.CommonReturnType com.zaozao.controller.StudentController.createStudent(java.lang.String,java.lang.String,java.lang.Byte,java.lang.Integer,java.lang.String,java.lang.String,java.lang.String,java.lang.Byte,java.lang.Byte) throws java.lang.Exception
2019-03-05 16:43:52.299 [main] INFO  o.s.w.s.m.m.a.RequestMappingHandlerMapping - Mapped "{[/student/delete],methods=[POST],consumes=[application/x-www-form-urlencoded]}" onto public com.zaozao.response.CommonReturnType com.zaozao.controller.StudentController.deleteStudent(java.lang.Integer,java.lang.Integer) throws java.lang.Exception
2019-03-05 16:43:52.299 [main] INFO  o.s.w.s.m.m.a.RequestMappingHandlerMapping - Mapped "{[/student/delete/batch],methods=[POST],consumes=[application/x-www-form-urlencoded]}" onto public com.zaozao.response.CommonReturnType com.zaozao.controller.StudentController.deleteStudentBatch(java.lang.String,java.lang.Integer) throws java.lang.Exception
2019-03-05 16:43:52.299 [main] INFO  o.s.w.s.m.m.a.RequestMappingHandlerMapping - Mapped "{[/student/import],methods=[POST],consumes=[multipart/form-data]}" onto public boolean com.zaozao.controller.StudentController.importStudent(org.springframework.web.multipart.MultipartFile,java.lang.Integer) throws com.zaozao.error.BusinessException
2019-03-05 16:43:52.300 [main] INFO  o.s.w.s.m.m.a.RequestMappingHandlerMapping - Mapped "{[/student/export],methods=[GET]}" onto public void com.zaozao.controller.StudentController.exportStudent(javax.servlet.http.HttpServletRequest,javax.servlet.http.HttpServletResponse,java.lang.Integer) throws java.io.IOException,com.zaozao.error.BusinessException
2019-03-05 16:43:52.300 [main] INFO  o.s.w.s.m.m.a.RequestMappingHandlerMapping - Mapped "{[/student/export/template],methods=[GET]}" onto public void com.zaozao.controller.StudentController.exportStudentTemplate(javax.servlet.http.HttpServletRequest,javax.servlet.http.HttpServletResponse) throws java.io.IOException,com.zaozao.error.BusinessException
2019-03-05 16:43:52.302 [main] INFO  o.s.w.s.m.m.a.RequestMappingHandlerMapping - Mapped "{[/wechat/test/close]}" onto public com.zaozao.response.CommonReturnType com.zaozao.controller.WechatPayController.test()
2019-03-05 16:43:52.302 [main] INFO  o.s.w.s.m.m.a.RequestMappingHandlerMapping - Mapped "{[/wechat/bind],methods=[POST]}" onto public com.zaozao.response.CommonReturnType com.zaozao.controller.WechatPayController.bindOpenId(java.lang.String,java.lang.String,java.lang.String) throws java.lang.Exception
2019-03-05 16:43:52.303 [main] INFO  o.s.w.s.m.m.a.RequestMappingHandlerMapping - Mapped "{[/wechat/unbind],methods=[POST]}" onto public com.zaozao.response.CommonReturnType com.zaozao.controller.WechatPayController.unbindOpenId(java.lang.String,java.lang.String) throws java.lang.Exception
2019-03-05 16:43:52.303 [main] INFO  o.s.w.s.m.m.a.RequestMappingHandlerMapping - Mapped "{[/wechat/search/unpaid],methods=[POST]}" onto public com.zaozao.response.CommonReturnType com.zaozao.controller.WechatPayController.searchUnpaid(java.lang.String) throws java.lang.Exception
2019-03-05 16:43:52.303 [main] INFO  o.s.w.s.m.m.a.RequestMappingHandlerMapping - Mapped "{[/wechat/pay],methods=[POST]}" onto public com.zaozao.response.CommonReturnType com.zaozao.controller.WechatPayController.wechatPay(java.lang.String,java.lang.Integer,javax.servlet.http.HttpServletRequest)
2019-03-05 16:43:52.304 [main] INFO  o.s.w.s.m.m.a.RequestMappingHandlerMapping - Mapped "{[/wechat/notify]}" onto public void com.zaozao.controller.WechatPayController.wechatNotify(javax.servlet.http.HttpServletRequest,javax.servlet.http.HttpServletResponse) throws java.lang.Exception
2019-03-05 16:43:52.304 [main] INFO  o.s.w.s.m.m.a.RequestMappingHandlerMapping - Mapped "{[/wechat/search/paid],methods=[POST]}" onto public com.zaozao.response.CommonReturnType com.zaozao.controller.WechatPayController.searchPaid(java.lang.String) throws java.lang.Exception
2019-03-05 16:43:52.304 [main] INFO  o.s.w.s.m.m.a.RequestMappingHandlerMapping - Mapped "{[/wechat/login],methods=[GET]}" onto public com.zaozao.response.CommonReturnType com.zaozao.controller.WechatPayController.login(java.lang.String)
2019-03-05 16:43:52.308 [main] INFO  o.s.w.s.m.m.a.RequestMappingHandlerMapping - Mapped "{[/error]}" onto public org.springframework.http.ResponseEntity<java.util.Map<java.lang.String, java.lang.Object>> org.springframework.boot.autoconfigure.web.servlet.error.BasicErrorController.error(javax.servlet.http.HttpServletRequest)
2019-03-05 16:43:52.309 [main] INFO  o.s.w.s.m.m.a.RequestMappingHandlerMapping - Mapped "{[/error],produces=[text/html]}" onto public org.springframework.web.servlet.ModelAndView org.springframework.boot.autoconfigure.web.servlet.error.BasicErrorController.errorHtml(javax.servlet.http.HttpServletRequest,javax.servlet.http.HttpServletResponse)
2019-03-05 16:43:52.341 [main] INFO  o.s.web.servlet.handler.SimpleUrlHandlerMapping - Mapped URL path [/webjars/**] onto handler of type [class org.springframework.web.servlet.resource.ResourceHttpRequestHandler]
2019-03-05 16:43:52.341 [main] INFO  o.s.web.servlet.handler.SimpleUrlHandlerMapping - Mapped URL path [/**] onto handler of type [class org.springframework.web.servlet.resource.ResourceHttpRequestHandler]
2019-03-05 16:43:52.761 [main] INFO  o.s.jmx.export.annotation.AnnotationMBeanExporter - Registering beans for JMX exposure on startup
2019-03-05 16:43:52.762 [main] INFO  o.s.jmx.export.annotation.AnnotationMBeanExporter - Bean with name 'dataSource' has been autodetected for JMX exposure
2019-03-05 16:43:52.767 [main] INFO  o.s.jmx.export.annotation.AnnotationMBeanExporter - Located MBean 'dataSource': registering with JMX server as MBean [com.alibaba.druid.pool:name=dataSource,type=DruidDataSource]
2019-03-05 16:43:52.781 [main] INFO  org.apache.coyote.http11.Http11NioProtocol - Starting ProtocolHandler ["http-nio-8070"]
2019-03-05 16:43:52.807 [main] INFO  org.apache.tomcat.util.net.NioSelectorPool - Using a shared selector for servlet write/read
2019-03-05 16:43:52.822 [main] INFO  o.s.boot.web.embedded.tomcat.TomcatWebServer - Tomcat started on port(s): 8070 (http) with context path ''
2019-03-05 16:43:52.830 [main] INFO  com.zaozao.App - Started App in 4.493 seconds (JVM running for 5.097)
2019-03-05 18:02:29.241 [Thread-3] INFO  o.s.b.w.s.c.AnnotationConfigServletWebServerApplicationContext - Closing org.springframework.boot.web.servlet.context.AnnotationConfigServletWebServerApplicationContext@1bd4fdd: startup date [Tue Mar 05 16:43:49 CST 2019]; root of context hierarchy
2019-03-05 18:02:29.253 [Thread-3] INFO  o.s.jmx.export.annotation.AnnotationMBeanExporter - Unregistering JMX-exposed beans on shutdown
2019-03-05 18:02:29.255 [Thread-3] INFO  o.s.jmx.export.annotation.AnnotationMBeanExporter - Unregistering JMX-exposed beans
2019-03-05 18:02:36.981 [main] INFO  com.zaozao.App - Starting App on Sidney.local with PID 51562 (/Users/chenxiaotian/myWorkspace/education/target/classes started by chenxiaotian in /Users/chenxiaotian/myWorkspace/education)
2019-03-05 18:02:36.988 [main] INFO  com.zaozao.App - The following profiles are active: dev
2019-03-05 18:02:37.062 [main] INFO  o.s.b.w.s.c.AnnotationConfigServletWebServerApplicationContext - Refreshing org.springframework.boot.web.servlet.context.AnnotationConfigServletWebServerApplicationContext@7d286fb6: startup date [Tue Mar 05 18:02:37 CST 2019]; root of context hierarchy
2019-03-05 18:02:37.783 [main] INFO  o.s.d.r.config.RepositoryConfigurationDelegate - Multiple Spring Data modules found, entering strict repository configuration mode!
2019-03-05 18:02:38.351 [main] INFO  o.s.c.s.PostProcessorRegistrationDelegate$BeanPostProcessorChecker - Bean 'org.springframework.transaction.annotation.ProxyTransactionManagementConfiguration' of type [org.springframework.transaction.annotation.ProxyTransactionManagementConfiguration$$EnhancerBySpringCGLIB$$d67c5c79] is not eligible for getting processed by all BeanPostProcessors (for example: not eligible for auto-proxying)
2019-03-05 18:02:38.851 [main] INFO  o.s.boot.web.embedded.tomcat.TomcatWebServer - Tomcat initialized with port(s): 8070 (http)
2019-03-05 18:02:38.940 [main] INFO  org.apache.coyote.http11.Http11NioProtocol - Initializing ProtocolHandler ["http-nio-8070"]
2019-03-05 18:02:38.958 [main] INFO  org.apache.catalina.core.StandardService - Starting service [Tomcat]
2019-03-05 18:02:38.958 [main] INFO  org.apache.catalina.core.StandardEngine - Starting Servlet Engine: Apache Tomcat/8.5.34
2019-03-05 18:02:38.973 [localhost-startStop-1] INFO  org.apache.catalina.core.AprLifecycleListener - The APR based Apache Tomcat Native library which allows optimal performance in production environments was not found on the java.library.path: [/Users/chenxiaotian/Library/Java/Extensions:/Library/Java/Extensions:/Network/Library/Java/Extensions:/System/Library/Java/Extensions:/usr/lib/java:.]
2019-03-05 18:02:39.085 [localhost-startStop-1] INFO  o.a.c.core.ContainerBase.[Tomcat].[localhost].[/] - Initializing Spring embedded WebApplicationContext
2019-03-05 18:02:39.086 [localhost-startStop-1] INFO  org.springframework.web.context.ContextLoader - Root WebApplicationContext: initialization completed in 2024 ms
2019-03-05 18:02:39.169 [localhost-startStop-1] INFO  o.s.boot.web.servlet.ServletRegistrationBean - Servlet dispatcherServlet mapped to [/]
2019-03-05 18:02:39.175 [localhost-startStop-1] INFO  o.s.boot.web.servlet.FilterRegistrationBean - Mapping filter: 'characterEncodingFilter' to: [/*]
2019-03-05 18:02:39.175 [localhost-startStop-1] INFO  o.s.boot.web.servlet.FilterRegistrationBean - Mapping filter: 'hiddenHttpMethodFilter' to: [/*]
2019-03-05 18:02:39.176 [localhost-startStop-1] INFO  o.s.boot.web.servlet.FilterRegistrationBean - Mapping filter: 'httpPutFormContentFilter' to: [/*]
2019-03-05 18:02:39.176 [localhost-startStop-1] INFO  o.s.boot.web.servlet.FilterRegistrationBean - Mapping filter: 'requestContextFilter' to: [/*]
2019-03-05 18:02:40.361 [main] INFO  o.s.web.servlet.handler.SimpleUrlHandlerMapping - Mapped URL path [/**/favicon.ico] onto handler of type [class org.springframework.web.servlet.resource.ResourceHttpRequestHandler]
2019-03-05 18:02:40.615 [main] INFO  o.s.w.s.m.m.a.RequestMappingHandlerAdapter - Looking for @ControllerAdvice: org.springframework.boot.web.servlet.context.AnnotationConfigServletWebServerApplicationContext@7d286fb6: startup date [Tue Mar 05 18:02:37 CST 2019]; root of context hierarchy
2019-03-05 18:02:40.692 [main] INFO  o.s.w.s.m.m.a.RequestMappingHandlerMapping - Mapped "{[/admin/create],methods=[POST],consumes=[application/x-www-form-urlencoded]}" onto public com.zaozao.response.CommonReturnType com.zaozao.controller.AdminController.create(java.lang.String,java.lang.Integer,java.lang.String,java.lang.String,java.lang.String,java.lang.Integer) throws com.zaozao.error.BusinessException,java.security.NoSuchAlgorithmException
2019-03-05 18:02:40.695 [main] INFO  o.s.w.s.m.m.a.RequestMappingHandlerMapping - Mapped "{[/admin/logout],methods=[GET]}" onto public com.zaozao.response.CommonReturnType com.zaozao.controller.AdminController.loginOut()
2019-03-05 18:02:40.695 [main] INFO  o.s.w.s.m.m.a.RequestMappingHandlerMapping - Mapped "{[/admin/login],methods=[POST],consumes=[application/x-www-form-urlencoded]}" onto public com.zaozao.response.CommonReturnType com.zaozao.controller.AdminController.login(java.lang.String,java.lang.String) throws com.zaozao.error.BusinessException,java.security.NoSuchAlgorithmException
2019-03-05 18:02:40.696 [main] INFO  o.s.w.s.m.m.a.RequestMappingHandlerMapping - Mapped "{[/admin/list],methods=[GET]}" onto public com.zaozao.response.CommonReturnType com.zaozao.controller.AdminController.listAdmin() throws com.zaozao.error.BusinessException
2019-03-05 18:02:40.696 [main] INFO  o.s.w.s.m.m.a.RequestMappingHandlerMapping - Mapped "{[/admin/delete],methods=[POST],consumes=[application/x-www-form-urlencoded]}" onto public com.zaozao.response.CommonReturnType com.zaozao.controller.AdminController.deleteById(java.lang.Integer) throws com.zaozao.error.BusinessException
2019-03-05 18:02:40.696 [main] INFO  o.s.w.s.m.m.a.RequestMappingHandlerMapping - Mapped "{[/admin/update],methods=[POST],consumes=[application/x-www-form-urlencoded]}" onto public com.zaozao.response.CommonReturnType com.zaozao.controller.AdminController.updateById(java.lang.Integer,java.lang.String,java.lang.Integer,java.lang.String,java.lang.String,java.lang.String) throws com.zaozao.error.BusinessException,java.security.NoSuchAlgorithmException
2019-03-05 18:02:40.705 [main] INFO  o.s.w.s.m.m.a.RequestMappingHandlerMapping - Mapped "{[/bill/pay],methods=[POST],consumes=[application/x-www-form-urlencoded]}" onto public com.zaozao.response.CommonReturnType com.zaozao.controller.BillController.pay(java.lang.Integer)
2019-03-05 18:02:40.706 [main] INFO  o.s.w.s.m.m.a.RequestMappingHandlerMapping - Mapped "{[/bill/list/item],methods=[GET]}" onto public com.zaozao.response.CommonReturnType com.zaozao.controller.BillController.listItem() throws com.zaozao.error.BusinessException
2019-03-05 18:02:40.706 [main] INFO  o.s.w.s.m.m.a.RequestMappingHandlerMapping - Mapped "{[/bill/unpaid],methods=[POST],consumes=[application/x-www-form-urlencoded]}" onto public com.zaozao.response.CommonReturnType com.zaozao.controller.BillController.getUnpaidBill(java.lang.Integer,java.lang.Integer,java.lang.String) throws com.zaozao.error.BusinessException
2019-03-05 18:02:40.707 [main] INFO  o.s.w.s.m.m.a.RequestMappingHandlerMapping - Mapped "{[/bill/delete/item],methods=[POST],consumes=[application/x-www-form-urlencoded]}" onto public com.zaozao.response.CommonReturnType com.zaozao.controller.BillController.createItem(java.lang.Integer,java.lang.Integer) throws java.lang.Exception
2019-03-05 18:02:40.708 [main] INFO  o.s.w.s.m.m.a.RequestMappingHandlerMapping - Mapped "{[/bill/create/item],methods=[POST],consumes=[application/x-www-form-urlencoded]}" onto public com.zaozao.response.CommonReturnType com.zaozao.controller.BillController.createItem(java.lang.String) throws java.lang.Exception
2019-03-05 18:02:40.709 [main] INFO  o.s.w.s.m.m.a.RequestMappingHandlerMapping - Mapped "{[/bill/list],methods=[GET]}" onto public com.zaozao.response.CommonReturnType com.zaozao.controller.BillController.getBillList() throws java.lang.Exception
2019-03-05 18:02:40.709 [main] INFO  o.s.w.s.m.m.a.RequestMappingHandlerMapping - Mapped "{[/bill/query/list],methods=[POST],consumes=[application/x-www-form-urlencoded]}" onto public com.zaozao.response.CommonReturnType com.zaozao.controller.BillController.queryBillList(java.lang.Integer,java.lang.Integer,java.lang.Integer,java.lang.String,java.lang.String,java.lang.String,java.lang.String,java.lang.String,java.lang.Byte,java.lang.Byte,java.lang.String,java.lang.Integer) throws java.lang.Exception
2019-03-05 18:02:40.710 [main] INFO  o.s.w.s.m.m.a.RequestMappingHandlerMapping - Mapped "{[/bill/list/history],methods=[GET]}" onto public com.zaozao.response.CommonReturnType com.zaozao.controller.BillController.getBillHistoryList() throws java.lang.Exception
2019-03-05 18:02:40.711 [main] INFO  o.s.w.s.m.m.a.RequestMappingHandlerMapping - Mapped "{[/bill/create/bill],methods=[POST],consumes=[application/x-www-form-urlencoded]}" onto public com.zaozao.response.CommonReturnType com.zaozao.controller.BillController.createBill(java.lang.String,java.lang.String,java.lang.Integer,java.math.BigDecimal,java.lang.String) throws java.lang.Exception
2019-03-05 18:02:40.711 [main] INFO  o.s.w.s.m.m.a.RequestMappingHandlerMapping - Mapped "{[/bill/click/collection],methods=[POST],consumes=[application/x-www-form-urlencoded]}" onto public com.zaozao.response.CommonReturnType com.zaozao.controller.BillController.updateBill(java.lang.String,java.lang.Byte,java.lang.String,java.lang.String,java.lang.String) throws java.lang.Exception
2019-03-05 18:02:40.713 [main] INFO  o.s.w.s.m.m.a.RequestMappingHandlerMapping - Mapped "{[/bill/update/bill],methods=[POST],consumes=[application/x-www-form-urlencoded]}" onto public com.zaozao.response.CommonReturnType com.zaozao.controller.BillController.updateBill(java.lang.Integer,java.lang.Integer,java.lang.String,java.lang.String,java.lang.Integer,java.math.BigDecimal,java.lang.String,java.lang.Byte) throws java.lang.Exception
2019-03-05 18:02:40.714 [main] INFO  o.s.w.s.m.m.a.RequestMappingHandlerMapping - Mapped "{[/bill/delete/bill],methods=[POST],consumes=[application/x-www-form-urlencoded]}" onto public com.zaozao.response.CommonReturnType com.zaozao.controller.BillController.deleteBill(java.lang.Integer,java.lang.Integer) throws java.lang.Exception
2019-03-05 18:02:40.714 [main] INFO  o.s.w.s.m.m.a.RequestMappingHandlerMapping - Mapped "{[/bill/delete/batch],methods=[POST],consumes=[application/x-www-form-urlencoded]}" onto public com.zaozao.response.CommonReturnType com.zaozao.controller.BillController.deleteBatchBill(java.lang.String,java.lang.Integer) throws java.lang.Exception
2019-03-05 18:02:40.714 [main] INFO  o.s.w.s.m.m.a.RequestMappingHandlerMapping - Mapped "{[/bill/import],methods=[POST],consumes=[multipart/form-data]}" onto public boolean com.zaozao.controller.BillController.importBill(org.springframework.web.multipart.MultipartFile) throws com.zaozao.error.BusinessException
2019-03-05 18:02:40.714 [main] INFO  o.s.w.s.m.m.a.RequestMappingHandlerMapping - Mapped "{[/bill/export],methods=[GET]}" onto public void com.zaozao.controller.BillController.exportBill(javax.servlet.http.HttpServletRequest,javax.servlet.http.HttpServletResponse,java.lang.Integer) throws java.io.IOException,com.zaozao.error.BusinessException
2019-03-05 18:02:40.715 [main] INFO  o.s.w.s.m.m.a.RequestMappingHandlerMapping - Mapped "{[/bill/export/template],methods=[GET]}" onto public void com.zaozao.controller.BillController.exportBillTemplate(javax.servlet.http.HttpServletRequest,javax.servlet.http.HttpServletResponse) throws java.io.IOException,com.zaozao.error.BusinessException
2019-03-05 18:02:40.716 [main] INFO  o.s.w.s.m.m.a.RequestMappingHandlerMapping - Mapped "{[/class/import],methods=[POST],consumes=[multipart/form-data]}" onto public boolean com.zaozao.controller.ClassController.importClass(org.springframework.web.multipart.MultipartFile) throws com.zaozao.error.BusinessException
2019-03-05 18:02:40.717 [main] INFO  o.s.w.s.m.m.a.RequestMappingHandlerMapping - Mapped "{[/class/get],methods=[GET]}" onto public com.zaozao.response.CommonReturnType com.zaozao.controller.ClassController.getClassList() throws java.lang.Exception
2019-03-05 18:02:40.717 [main] INFO  o.s.w.s.m.m.a.RequestMappingHandlerMapping - Mapped "{[/class/dynamic],methods=[GET]}" onto public com.zaozao.response.CommonReturnType com.zaozao.controller.ClassController.getSchoolGradeClass() throws java.lang.Exception
2019-03-05 18:02:40.718 [main] INFO  o.s.w.s.m.m.a.RequestMappingHandlerMapping - Mapped "{[/class/create],methods=[POST],consumes=[application/x-www-form-urlencoded]}" onto public com.zaozao.response.CommonReturnType com.zaozao.controller.ClassController.createClass(java.lang.Integer,java.lang.Integer,java.lang.String) throws java.lang.Exception
2019-03-05 18:02:40.718 [main] INFO  o.s.w.s.m.m.a.RequestMappingHandlerMapping - Mapped "{[/class/update],methods=[POST],consumes=[application/x-www-form-urlencoded]}" onto public com.zaozao.response.CommonReturnType com.zaozao.controller.ClassController.updateClassById(java.lang.Integer,java.lang.Integer,java.lang.Integer,java.lang.Integer,java.lang.String) throws java.lang.Exception
2019-03-05 18:02:40.719 [main] INFO  o.s.w.s.m.m.a.RequestMappingHandlerMapping - Mapped "{[/class/upgrade],methods=[GET]}" onto public com.zaozao.response.CommonReturnType com.zaozao.controller.ClassController.upgradeClassById() throws java.lang.Exception
2019-03-05 18:02:40.719 [main] INFO  o.s.w.s.m.m.a.RequestMappingHandlerMapping - Mapped "{[/class/delete],methods=[POST],consumes=[application/x-www-form-urlencoded]}" onto public com.zaozao.response.CommonReturnType com.zaozao.controller.ClassController.deleteClassById(java.lang.Integer,java.lang.Integer) throws java.lang.Exception
2019-03-05 18:02:40.719 [main] INFO  o.s.w.s.m.m.a.RequestMappingHandlerMapping - Mapped "{[/class/export],methods=[GET]}" onto public void com.zaozao.controller.ClassController.exportClass(javax.servlet.http.HttpServletRequest,javax.servlet.http.HttpServletResponse) throws java.io.IOException,com.zaozao.error.BusinessException
2019-03-05 18:02:40.720 [main] INFO  o.s.w.s.m.m.a.RequestMappingHandlerMapping - Mapped "{[/class/export/template],methods=[GET]}" onto public void com.zaozao.controller.ClassController.exportClassTemplate(javax.servlet.http.HttpServletRequest,javax.servlet.http.HttpServletResponse) throws java.io.IOException,com.zaozao.error.BusinessException
2019-03-05 18:02:40.720 [main] INFO  o.s.w.s.m.m.a.RequestMappingHandlerMapping - Mapped "{[/home/data],methods=[GET]}" onto public com.zaozao.response.CommonReturnType com.zaozao.controller.IndexDataController.searchData() throws java.lang.InterruptedException,com.zaozao.error.BusinessException,java.util.concurrent.ExecutionException
2019-03-05 18:02:40.721 [main] INFO  o.s.w.s.m.m.a.RequestMappingHandlerMapping - Mapped "{[/isv/create],methods=[POST],consumes=[application/x-www-form-urlencoded]}" onto public com.zaozao.response.CommonReturnType com.zaozao.controller.IsvController.createIsv(java.lang.String,java.lang.String,java.lang.String,java.lang.String,java.lang.String,java.lang.String,java.lang.String,java.lang.String) throws java.lang.Exception
2019-03-05 18:02:40.722 [main] INFO  o.s.w.s.m.m.a.RequestMappingHandlerMapping - Mapped "{[/isv/update],methods=[POST],consumes=[application/x-www-form-urlencoded]}" onto public com.zaozao.response.CommonReturnType com.zaozao.controller.IsvController.updateIsvInfo(java.lang.Integer,java.lang.String,java.lang.String,java.lang.String,java.lang.String,java.lang.String,java.lang.String,java.lang.String,java.lang.String) throws java.lang.Exception
2019-03-05 18:02:40.722 [main] INFO  o.s.w.s.m.m.a.RequestMappingHandlerMapping - Mapped "{[/isv/get],methods=[GET]}" onto public com.zaozao.response.CommonReturnType com.zaozao.controller.IsvController.getStudent() throws java.lang.Exception
2019-03-05 18:02:40.722 [main] INFO  o.s.w.s.m.m.a.RequestMappingHandlerMapping - Mapped "{[/isv/get/list],methods=[GET]}" onto public com.zaozao.response.CommonReturnType com.zaozao.controller.IsvController.getIsvList() throws java.lang.Exception
2019-03-05 18:02:40.722 [main] INFO  o.s.w.s.m.m.a.RequestMappingHandlerMapping - Mapped "{[/isv/delete],methods=[POST],consumes=[application/x-www-form-urlencoded]}" onto public com.zaozao.response.CommonReturnType com.zaozao.controller.IsvController.deleteIsv(java.lang.Integer) throws java.lang.Exception
2019-03-05 18:02:40.724 [main] INFO  o.s.w.s.m.m.a.RequestMappingHandlerMapping - Mapped "{[/school/info/dynamic],methods=[GET]}" onto public com.zaozao.response.CommonReturnType com.zaozao.controller.SchoolController.getSchoolGradeClass() throws java.lang.Exception
2019-03-05 18:02:40.724 [main] INFO  o.s.w.s.m.m.a.RequestMappingHandlerMapping - Mapped "{[/school/class/info],methods=[GET]}" onto public com.zaozao.response.CommonReturnType com.zaozao.controller.SchoolController.getSchoolAndClass()
2019-03-05 18:02:40.724 [main] INFO  o.s.w.s.m.m.a.RequestMappingHandlerMapping - Mapped "{[/school/get],methods=[GET]}" onto public com.zaozao.response.CommonReturnType com.zaozao.controller.SchoolController.getSchoolList() throws java.lang.Exception
2019-03-05 18:02:40.725 [main] INFO  o.s.w.s.m.m.a.RequestMappingHandlerMapping - Mapped "{[/school/add/mch],methods=[POST],consumes=[application/x-www-form-urlencoded]}" onto public com.zaozao.response.CommonReturnType com.zaozao.controller.SchoolController.createSchool(java.lang.Integer,java.lang.String,java.lang.String) throws java.lang.Exception
2019-03-05 18:02:40.725 [main] INFO  o.s.w.s.m.m.a.RequestMappingHandlerMapping - Mapped "{[/school/create],methods=[POST],consumes=[application/x-www-form-urlencoded]}" onto public com.zaozao.response.CommonReturnType com.zaozao.controller.SchoolController.createSchool(java.lang.String,java.lang.String,java.lang.String,java.lang.String,java.lang.String,java.lang.String,java.lang.String,java.lang.Integer) throws java.lang.Exception
2019-03-05 18:02:40.726 [main] INFO  o.s.w.s.m.m.a.RequestMappingHandlerMapping - Mapped "{[/school/update],methods=[POST],consumes=[multipart/form-data]}" onto public com.zaozao.response.CommonReturnType com.zaozao.controller.SchoolController.updateSchool(java.lang.Integer,java.lang.String,java.lang.String,java.lang.String,java.lang.String,java.lang.String,java.lang.String,java.lang.String,java.lang.Integer) throws java.lang.Exception
2019-03-05 18:02:40.726 [main] INFO  o.s.w.s.m.m.a.RequestMappingHandlerMapping - Mapped "{[/school/delete],methods=[POST],consumes=[application/x-www-form-urlencoded]}" onto public com.zaozao.response.CommonReturnType com.zaozao.controller.SchoolController.deleteSchool(java.lang.Integer) throws java.lang.Exception
2019-03-05 18:02:40.729 [main] INFO  o.s.w.s.m.m.a.RequestMappingHandlerMapping - Mapped "{[/student/get],methods=[GET]}" onto public com.zaozao.response.CommonReturnType com.zaozao.controller.StudentController.getStudent(java.lang.Integer,java.lang.Integer,java.lang.String)
2019-03-05 18:02:40.729 [main] INFO  o.s.w.s.m.m.a.RequestMappingHandlerMapping - Mapped "{[/student/get/list],methods=[GET]}" onto public com.zaozao.response.CommonReturnType com.zaozao.controller.StudentController.getStudentList() throws java.lang.Exception
2019-03-05 18:02:40.730 [main] INFO  o.s.w.s.m.m.a.RequestMappingHandlerMapping - Mapped "{[/student/query/list],methods=[POST],produces=[application/json]}" onto public com.zaozao.response.CommonReturnType com.zaozao.controller.StudentController.queryStudentList(java.util.Map<java.lang.String, java.lang.Object>) throws java.lang.Exception
2019-03-05 18:02:40.730 [main] INFO  o.s.w.s.m.m.a.RequestMappingHandlerMapping - Mapped "{[/student/update],methods=[POST],consumes=[application/x-www-form-urlencoded]}" onto public com.zaozao.response.CommonReturnType com.zaozao.controller.StudentController.updateStudentInfo(java.lang.Integer,java.lang.String,java.lang.String,java.lang.Byte,java.lang.Integer,java.lang.Integer,java.lang.String,java.lang.String,java.lang.String,java.lang.Byte,java.lang.Byte) throws java.lang.Exception
2019-03-05 18:02:40.730 [main] INFO  o.s.w.s.m.m.a.RequestMappingHandlerMapping - Mapped "{[/student/create],methods=[POST],consumes=[application/x-www-form-urlencoded]}" onto public com.zaozao.response.CommonReturnType com.zaozao.controller.StudentController.createStudent(java.lang.String,java.lang.String,java.lang.Byte,java.lang.Integer,java.lang.String,java.lang.String,java.lang.String,java.lang.Byte,java.lang.Byte) throws java.lang.Exception
2019-03-05 18:02:40.731 [main] INFO  o.s.w.s.m.m.a.RequestMappingHandlerMapping - Mapped "{[/student/delete],methods=[POST],consumes=[application/x-www-form-urlencoded]}" onto public com.zaozao.response.CommonReturnType com.zaozao.controller.StudentController.deleteStudent(java.lang.Integer,java.lang.Integer) throws java.lang.Exception
2019-03-05 18:02:40.731 [main] INFO  o.s.w.s.m.m.a.RequestMappingHandlerMapping - Mapped "{[/student/delete/batch],methods=[POST],consumes=[application/x-www-form-urlencoded]}" onto public com.zaozao.response.CommonReturnType com.zaozao.controller.StudentController.deleteStudentBatch(java.lang.String,java.lang.Integer) throws java.lang.Exception
2019-03-05 18:02:40.732 [main] INFO  o.s.w.s.m.m.a.RequestMappingHandlerMapping - Mapped "{[/student/import],methods=[POST],consumes=[multipart/form-data]}" onto public boolean com.zaozao.controller.StudentController.importStudent(org.springframework.web.multipart.MultipartFile,java.lang.Integer) throws com.zaozao.error.BusinessException
2019-03-05 18:02:40.732 [main] INFO  o.s.w.s.m.m.a.RequestMappingHandlerMapping - Mapped "{[/student/export],methods=[GET]}" onto public void com.zaozao.controller.StudentController.exportStudent(javax.servlet.http.HttpServletRequest,javax.servlet.http.HttpServletResponse,java.lang.Integer) throws java.io.IOException,com.zaozao.error.BusinessException
2019-03-05 18:02:40.732 [main] INFO  o.s.w.s.m.m.a.RequestMappingHandlerMapping - Mapped "{[/student/export/template],methods=[GET]}" onto public void com.zaozao.controller.StudentController.exportStudentTemplate(javax.servlet.http.HttpServletRequest,javax.servlet.http.HttpServletResponse) throws java.io.IOException,com.zaozao.error.BusinessException
2019-03-05 18:02:40.734 [main] INFO  o.s.w.s.m.m.a.RequestMappingHandlerMapping - Mapped "{[/wechat/test/close]}" onto public com.zaozao.response.CommonReturnType com.zaozao.controller.WechatPayController.test()
2019-03-05 18:02:40.735 [main] INFO  o.s.w.s.m.m.a.RequestMappingHandlerMapping - Mapped "{[/wechat/login],methods=[GET]}" onto public com.zaozao.response.CommonReturnType com.zaozao.controller.WechatPayController.login(java.lang.String)
2019-03-05 18:02:40.736 [main] INFO  o.s.w.s.m.m.a.RequestMappingHandlerMapping - Mapped "{[/wechat/bind],methods=[POST]}" onto public com.zaozao.response.CommonReturnType com.zaozao.controller.WechatPayController.bindOpenId(java.lang.String,java.lang.String,java.lang.String) throws java.lang.Exception
2019-03-05 18:02:40.736 [main] INFO  o.s.w.s.m.m.a.RequestMappingHandlerMapping - Mapped "{[/wechat/unbind],methods=[POST]}" onto public com.zaozao.response.CommonReturnType com.zaozao.controller.WechatPayController.unbindOpenId(java.lang.String,java.lang.String) throws java.lang.Exception
2019-03-05 18:02:40.737 [main] INFO  o.s.w.s.m.m.a.RequestMappingHandlerMapping - Mapped "{[/wechat/search/unpaid],methods=[POST]}" onto public com.zaozao.response.CommonReturnType com.zaozao.controller.WechatPayController.searchUnpaid(java.lang.String) throws java.lang.Exception
2019-03-05 18:02:40.737 [main] INFO  o.s.w.s.m.m.a.RequestMappingHandlerMapping - Mapped "{[/wechat/pay],methods=[POST]}" onto public com.zaozao.response.CommonReturnType com.zaozao.controller.WechatPayController.wechatPay(java.lang.String,java.lang.Integer,javax.servlet.http.HttpServletRequest)
2019-03-05 18:02:40.738 [main] INFO  o.s.w.s.m.m.a.RequestMappingHandlerMapping - Mapped "{[/wechat/notify]}" onto public void com.zaozao.controller.WechatPayController.wechatNotify(javax.servlet.http.HttpServletRequest,javax.servlet.http.HttpServletResponse) throws java.lang.Exception
2019-03-05 18:02:40.738 [main] INFO  o.s.w.s.m.m.a.RequestMappingHandlerMapping - Mapped "{[/wechat/search/paid],methods=[POST]}" onto public com.zaozao.response.CommonReturnType com.zaozao.controller.WechatPayController.searchPaid(java.lang.String) throws java.lang.Exception
2019-03-05 18:02:40.745 [main] INFO  o.s.w.s.m.m.a.RequestMappingHandlerMapping - Mapped "{[/error]}" onto public org.springframework.http.ResponseEntity<java.util.Map<java.lang.String, java.lang.Object>> org.springframework.boot.autoconfigure.web.servlet.error.BasicErrorController.error(javax.servlet.http.HttpServletRequest)
2019-03-05 18:02:40.745 [main] INFO  o.s.w.s.m.m.a.RequestMappingHandlerMapping - Mapped "{[/error],produces=[text/html]}" onto public org.springframework.web.servlet.ModelAndView org.springframework.boot.autoconfigure.web.servlet.error.BasicErrorController.errorHtml(javax.servlet.http.HttpServletRequest,javax.servlet.http.HttpServletResponse)
2019-03-05 18:02:40.788 [main] INFO  o.s.web.servlet.handler.SimpleUrlHandlerMapping - Mapped URL path [/webjars/**] onto handler of type [class org.springframework.web.servlet.resource.ResourceHttpRequestHandler]
2019-03-05 18:02:40.788 [main] INFO  o.s.web.servlet.handler.SimpleUrlHandlerMapping - Mapped URL path [/**] onto handler of type [class org.springframework.web.servlet.resource.ResourceHttpRequestHandler]
2019-03-05 18:02:41.283 [main] INFO  o.s.jmx.export.annotation.AnnotationMBeanExporter - Registering beans for JMX exposure on startup
2019-03-05 18:02:41.285 [main] INFO  o.s.jmx.export.annotation.AnnotationMBeanExporter - Bean with name 'dataSource' has been autodetected for JMX exposure
2019-03-05 18:02:41.289 [main] INFO  o.s.jmx.export.annotation.AnnotationMBeanExporter - Located MBean 'dataSource': registering with JMX server as MBean [com.alibaba.druid.pool:name=dataSource,type=DruidDataSource]
2019-03-05 18:02:41.304 [main] INFO  org.apache.coyote.http11.Http11NioProtocol - Starting ProtocolHandler ["http-nio-8070"]
2019-03-05 18:02:41.334 [main] INFO  org.apache.tomcat.util.net.NioSelectorPool - Using a shared selector for servlet write/read
2019-03-05 18:02:41.350 [main] INFO  o.s.boot.web.embedded.tomcat.TomcatWebServer - Tomcat started on port(s): 8070 (http) with context path ''
2019-03-05 18:02:41.354 [main] INFO  com.zaozao.App - Started App in 5.22 seconds (JVM running for 6.098)
