2019-02-28 17:40:59.826 [main] INFO  com.zaozao.App - Starting App on Sidney.local with PID 12613 (/Users/chenxiaotian/myWorkspace/education/target/classes started by chenxiaotian in /Users/chenxiaotian/myWorkspace/education)
2019-02-28 17:40:59.832 [main] INFO  com.zaozao.App - The following profiles are active: dev
2019-02-28 17:40:59.962 [main] INFO  o.s.b.w.s.c.AnnotationConfigServletWebServerApplicationContext - Refreshing org.springframework.boot.web.servlet.context.AnnotationConfigServletWebServerApplicationContext@14cd1699: startup date [Thu Feb 28 17:40:59 CST 2019]; root of context hierarchy
2019-02-28 17:41:00.794 [main] INFO  o.s.d.r.config.RepositoryConfigurationDelegate - Multiple Spring Data modules found, entering strict repository configuration mode!
2019-02-28 17:41:01.229 [main] INFO  o.s.c.s.PostProcessorRegistrationDelegate$BeanPostProcessorChecker - Bean 'org.springframework.transaction.annotation.ProxyTransactionManagementConfiguration' of type [org.springframework.transaction.annotation.ProxyTransactionManagementConfiguration$$EnhancerBySpringCGLIB$$9b55a609] is not eligible for getting processed by all BeanPostProcessors (for example: not eligible for auto-proxying)
2019-02-28 17:41:01.697 [main] INFO  o.s.boot.web.embedded.tomcat.TomcatWebServer - Tomcat initialized with port(s): 8070 (http)
2019-02-28 17:41:01.718 [main] INFO  org.apache.coyote.http11.Http11NioProtocol - Initializing ProtocolHandler ["http-nio-8070"]
2019-02-28 17:41:01.732 [main] INFO  org.apache.catalina.core.StandardService - Starting service [Tomcat]
2019-02-28 17:41:01.732 [main] INFO  org.apache.catalina.core.StandardEngine - Starting Servlet Engine: Apache Tomcat/8.5.34
2019-02-28 17:41:01.741 [localhost-startStop-1] INFO  org.apache.catalina.core.AprLifecycleListener - The APR based Apache Tomcat Native library which allows optimal performance in production environments was not found on the java.library.path: [/Users/chenxiaotian/Library/Java/Extensions:/Library/Java/Extensions:/Network/Library/Java/Extensions:/System/Library/Java/Extensions:/usr/lib/java:.]
2019-02-28 17:41:01.928 [localhost-startStop-1] INFO  o.a.c.core.ContainerBase.[Tomcat].[localhost].[/] - Initializing Spring embedded WebApplicationContext
2019-02-28 17:41:01.928 [localhost-startStop-1] INFO  org.springframework.web.context.ContextLoader - Root WebApplicationContext: initialization completed in 1966 ms
2019-02-28 17:41:01.995 [localhost-startStop-1] INFO  o.s.boot.web.servlet.ServletRegistrationBean - Servlet dispatcherServlet mapped to [/]
2019-02-28 17:41:01.999 [localhost-startStop-1] INFO  o.s.boot.web.servlet.FilterRegistrationBean - Mapping filter: 'characterEncodingFilter' to: [/*]
2019-02-28 17:41:01.999 [localhost-startStop-1] INFO  o.s.boot.web.servlet.FilterRegistrationBean - Mapping filter: 'hiddenHttpMethodFilter' to: [/*]
2019-02-28 17:41:02.000 [localhost-startStop-1] INFO  o.s.boot.web.servlet.FilterRegistrationBean - Mapping filter: 'httpPutFormContentFilter' to: [/*]
2019-02-28 17:41:02.000 [localhost-startStop-1] INFO  o.s.boot.web.servlet.FilterRegistrationBean - Mapping filter: 'requestContextFilter' to: [/*]
2019-02-28 17:41:02.935 [main] INFO  o.s.web.servlet.handler.SimpleUrlHandlerMapping - Mapped URL path [/**/favicon.ico] onto handler of type [class org.springframework.web.servlet.resource.ResourceHttpRequestHandler]
2019-02-28 17:41:03.204 [main] INFO  o.s.w.s.m.m.a.RequestMappingHandlerAdapter - Looking for @ControllerAdvice: org.springframework.boot.web.servlet.context.AnnotationConfigServletWebServerApplicationContext@14cd1699: startup date [Thu Feb 28 17:40:59 CST 2019]; root of context hierarchy
2019-02-28 17:41:03.269 [main] INFO  o.s.w.s.m.m.a.RequestMappingHandlerMapping - Mapped "{[/admin/create],methods=[POST],consumes=[application/x-www-form-urlencoded]}" onto public com.zaozao.response.CommonReturnType com.zaozao.controller.AdminController.create(java.lang.String,java.lang.Integer,java.lang.String,java.lang.String,java.lang.String,java.lang.Integer) throws com.zaozao.error.BusinessException,java.security.NoSuchAlgorithmException
2019-02-28 17:41:03.272 [main] INFO  o.s.w.s.m.m.a.RequestMappingHandlerMapping - Mapped "{[/admin/login],methods=[POST],consumes=[application/x-www-form-urlencoded]}" onto public com.zaozao.response.CommonReturnType com.zaozao.controller.AdminController.login(java.lang.String,java.lang.String) throws com.zaozao.error.BusinessException,java.security.NoSuchAlgorithmException
2019-02-28 17:41:03.272 [main] INFO  o.s.w.s.m.m.a.RequestMappingHandlerMapping - Mapped "{[/admin/logout],methods=[GET]}" onto public com.zaozao.response.CommonReturnType com.zaozao.controller.AdminController.loginOut()
2019-02-28 17:41:03.272 [main] INFO  o.s.w.s.m.m.a.RequestMappingHandlerMapping - Mapped "{[/admin/list],methods=[GET]}" onto public com.zaozao.response.CommonReturnType com.zaozao.controller.AdminController.listAdmin() throws com.zaozao.error.BusinessException
2019-02-28 17:41:03.273 [main] INFO  o.s.w.s.m.m.a.RequestMappingHandlerMapping - Mapped "{[/admin/delete],methods=[POST],consumes=[application/x-www-form-urlencoded]}" onto public com.zaozao.response.CommonReturnType com.zaozao.controller.AdminController.deleteById(java.lang.Integer) throws com.zaozao.error.BusinessException
2019-02-28 17:41:03.273 [main] INFO  o.s.w.s.m.m.a.RequestMappingHandlerMapping - Mapped "{[/admin/update],methods=[POST],consumes=[application/x-www-form-urlencoded]}" onto public com.zaozao.response.CommonReturnType com.zaozao.controller.AdminController.updateById(java.lang.Integer,java.lang.String,java.lang.Integer,java.lang.String,java.lang.String,java.lang.String) throws com.zaozao.error.BusinessException,java.security.NoSuchAlgorithmException
2019-02-28 17:41:03.278 [main] INFO  o.s.w.s.m.m.a.RequestMappingHandlerMapping - Mapped "{[/bill/pay],methods=[POST],consumes=[application/x-www-form-urlencoded]}" onto public com.zaozao.response.CommonReturnType com.zaozao.controller.BillController.pay(java.lang.Integer)
2019-02-28 17:41:03.279 [main] INFO  o.s.w.s.m.m.a.RequestMappingHandlerMapping - Mapped "{[/bill/unpaid],methods=[POST],consumes=[application/x-www-form-urlencoded]}" onto public com.zaozao.response.CommonReturnType com.zaozao.controller.BillController.getUnpaidBill(java.lang.Integer,java.lang.Integer,java.lang.String) throws com.zaozao.error.BusinessException
2019-02-28 17:41:03.279 [main] INFO  o.s.w.s.m.m.a.RequestMappingHandlerMapping - Mapped "{[/bill/delete/item],methods=[POST],consumes=[application/x-www-form-urlencoded]}" onto public com.zaozao.response.CommonReturnType com.zaozao.controller.BillController.createItem(java.lang.Integer,java.lang.Integer) throws java.lang.Exception
2019-02-28 17:41:03.279 [main] INFO  o.s.w.s.m.m.a.RequestMappingHandlerMapping - Mapped "{[/bill/create/item],methods=[POST],consumes=[application/x-www-form-urlencoded]}" onto public com.zaozao.response.CommonReturnType com.zaozao.controller.BillController.createItem(java.lang.String) throws java.lang.Exception
2019-02-28 17:41:03.280 [main] INFO  o.s.w.s.m.m.a.RequestMappingHandlerMapping - Mapped "{[/bill/list/item],methods=[GET]}" onto public com.zaozao.response.CommonReturnType com.zaozao.controller.BillController.listItem() throws com.zaozao.error.BusinessException
2019-02-28 17:41:03.280 [main] INFO  o.s.w.s.m.m.a.RequestMappingHandlerMapping - Mapped "{[/bill/list],methods=[GET]}" onto public com.zaozao.response.CommonReturnType com.zaozao.controller.BillController.getBillList() throws java.lang.Exception
2019-02-28 17:41:03.280 [main] INFO  o.s.w.s.m.m.a.RequestMappingHandlerMapping - Mapped "{[/bill/query/list],methods=[POST],consumes=[application/x-www-form-urlencoded]}" onto public com.zaozao.response.CommonReturnType com.zaozao.controller.BillController.queryBillList(java.lang.Integer,java.lang.Integer,java.lang.Integer,java.lang.String,java.lang.String,java.lang.String,java.lang.String,java.lang.String,java.lang.Byte,java.lang.Byte,java.lang.String,java.lang.Integer) throws java.lang.Exception
2019-02-28 17:41:03.281 [main] INFO  o.s.w.s.m.m.a.RequestMappingHandlerMapping - Mapped "{[/bill/list/history],methods=[GET]}" onto public com.zaozao.response.CommonReturnType com.zaozao.controller.BillController.getBillHistoryList() throws java.lang.Exception
2019-02-28 17:41:03.281 [main] INFO  o.s.w.s.m.m.a.RequestMappingHandlerMapping - Mapped "{[/bill/create/bill],methods=[POST],consumes=[application/x-www-form-urlencoded]}" onto public com.zaozao.response.CommonReturnType com.zaozao.controller.BillController.createBill(java.lang.String,java.lang.String,java.lang.Integer,java.math.BigDecimal,java.lang.String) throws java.lang.Exception
2019-02-28 17:41:03.282 [main] INFO  o.s.w.s.m.m.a.RequestMappingHandlerMapping - Mapped "{[/bill/click/collection],methods=[POST],consumes=[application/x-www-form-urlencoded]}" onto public com.zaozao.response.CommonReturnType com.zaozao.controller.BillController.updateBill(java.lang.String,java.lang.Byte,java.lang.String,java.lang.String,java.lang.String) throws java.lang.Exception
2019-02-28 17:41:03.283 [main] INFO  o.s.w.s.m.m.a.RequestMappingHandlerMapping - Mapped "{[/bill/update/bill],methods=[POST],consumes=[application/x-www-form-urlencoded]}" onto public com.zaozao.response.CommonReturnType com.zaozao.controller.BillController.updateBill(java.lang.Integer,java.lang.Integer,java.lang.String,java.lang.String,java.lang.Integer,java.math.BigDecimal,java.lang.String,java.lang.Byte) throws java.lang.Exception
2019-02-28 17:41:03.284 [main] INFO  o.s.w.s.m.m.a.RequestMappingHandlerMapping - Mapped "{[/bill/delete/bill],methods=[POST],consumes=[application/x-www-form-urlencoded]}" onto public com.zaozao.response.CommonReturnType com.zaozao.controller.BillController.deleteBill(java.lang.Integer,java.lang.Integer) throws java.lang.Exception
2019-02-28 17:41:03.284 [main] INFO  o.s.w.s.m.m.a.RequestMappingHandlerMapping - Mapped "{[/bill/delete/batch],methods=[POST],consumes=[application/x-www-form-urlencoded]}" onto public com.zaozao.response.CommonReturnType com.zaozao.controller.BillController.deleteBatchBill(java.lang.String,java.lang.Integer) throws java.lang.Exception
2019-02-28 17:41:03.285 [main] INFO  o.s.w.s.m.m.a.RequestMappingHandlerMapping - Mapped "{[/bill/import],methods=[POST],consumes=[multipart/form-data]}" onto public boolean com.zaozao.controller.BillController.importBill(org.springframework.web.multipart.MultipartFile) throws com.zaozao.error.BusinessException
2019-02-28 17:41:03.285 [main] INFO  o.s.w.s.m.m.a.RequestMappingHandlerMapping - Mapped "{[/bill/export],methods=[GET]}" onto public void com.zaozao.controller.BillController.exportBill(javax.servlet.http.HttpServletRequest,javax.servlet.http.HttpServletResponse,java.lang.Integer) throws java.io.IOException,com.zaozao.error.BusinessException
2019-02-28 17:41:03.287 [main] INFO  o.s.w.s.m.m.a.RequestMappingHandlerMapping - Mapped "{[/class/import],methods=[POST],consumes=[multipart/form-data]}" onto public boolean com.zaozao.controller.ClassController.importClass(org.springframework.web.multipart.MultipartFile) throws com.zaozao.error.BusinessException
2019-02-28 17:41:03.287 [main] INFO  o.s.w.s.m.m.a.RequestMappingHandlerMapping - Mapped "{[/class/get],methods=[GET]}" onto public com.zaozao.response.CommonReturnType com.zaozao.controller.ClassController.getClassList() throws java.lang.Exception
2019-02-28 17:41:03.288 [main] INFO  o.s.w.s.m.m.a.RequestMappingHandlerMapping - Mapped "{[/class/dynamic],methods=[GET]}" onto public com.zaozao.response.CommonReturnType com.zaozao.controller.ClassController.getSchoolGradeClass() throws java.lang.Exception
2019-02-28 17:41:03.288 [main] INFO  o.s.w.s.m.m.a.RequestMappingHandlerMapping - Mapped "{[/class/create],methods=[POST],consumes=[application/x-www-form-urlencoded]}" onto public com.zaozao.response.CommonReturnType com.zaozao.controller.ClassController.createClass(java.lang.Integer,java.lang.Integer,java.lang.String) throws java.lang.Exception
2019-02-28 17:41:03.288 [main] INFO  o.s.w.s.m.m.a.RequestMappingHandlerMapping - Mapped "{[/class/update],methods=[POST],consumes=[application/x-www-form-urlencoded]}" onto public com.zaozao.response.CommonReturnType com.zaozao.controller.ClassController.updateClassById(java.lang.Integer,java.lang.Integer,java.lang.Integer,java.lang.Integer,java.lang.String) throws java.lang.Exception
2019-02-28 17:41:03.289 [main] INFO  o.s.w.s.m.m.a.RequestMappingHandlerMapping - Mapped "{[/class/upgrade],methods=[GET]}" onto public com.zaozao.response.CommonReturnType com.zaozao.controller.ClassController.upgradeClassById() throws java.lang.Exception
2019-02-28 17:41:03.289 [main] INFO  o.s.w.s.m.m.a.RequestMappingHandlerMapping - Mapped "{[/class/delete/close],methods=[POST],consumes=[application/x-www-form-urlencoded]}" onto public com.zaozao.response.CommonReturnType com.zaozao.controller.ClassController.deleteClassById(java.lang.Integer,java.lang.Integer) throws java.lang.Exception
2019-02-28 17:41:03.289 [main] INFO  o.s.w.s.m.m.a.RequestMappingHandlerMapping - Mapped "{[/class/export],methods=[GET]}" onto public void com.zaozao.controller.ClassController.exportClass(javax.servlet.http.HttpServletRequest,javax.servlet.http.HttpServletResponse) throws java.io.IOException,com.zaozao.error.BusinessException
2019-02-28 17:41:03.290 [main] INFO  o.s.w.s.m.m.a.RequestMappingHandlerMapping - Mapped "{[/home/data],methods=[GET]}" onto public com.zaozao.response.CommonReturnType com.zaozao.controller.IndexDataController.searchData() throws java.lang.InterruptedException,com.zaozao.error.BusinessException,java.util.concurrent.ExecutionException
2019-02-28 17:41:03.291 [main] INFO  o.s.w.s.m.m.a.RequestMappingHandlerMapping - Mapped "{[/isv/get],methods=[GET]}" onto public com.zaozao.response.CommonReturnType com.zaozao.controller.IsvController.getStudent() throws java.lang.Exception
2019-02-28 17:41:03.292 [main] INFO  o.s.w.s.m.m.a.RequestMappingHandlerMapping - Mapped "{[/isv/get/list],methods=[GET]}" onto public com.zaozao.response.CommonReturnType com.zaozao.controller.IsvController.getIsvList() throws java.lang.Exception
2019-02-28 17:41:03.292 [main] INFO  o.s.w.s.m.m.a.RequestMappingHandlerMapping - Mapped "{[/isv/update],methods=[POST],consumes=[application/x-www-form-urlencoded]}" onto public com.zaozao.response.CommonReturnType com.zaozao.controller.IsvController.updateIsvInfo(java.lang.Integer,java.lang.String,java.lang.String,java.lang.String,java.lang.String,java.lang.String,java.lang.String,java.lang.String,java.lang.String) throws java.lang.Exception
2019-02-28 17:41:03.292 [main] INFO  o.s.w.s.m.m.a.RequestMappingHandlerMapping - Mapped "{[/isv/create],methods=[POST],consumes=[application/x-www-form-urlencoded]}" onto public com.zaozao.response.CommonReturnType com.zaozao.controller.IsvController.createIsv(java.lang.String,java.lang.String,java.lang.String,java.lang.String,java.lang.String,java.lang.String,java.lang.String,java.lang.String) throws java.lang.Exception
2019-02-28 17:41:03.293 [main] INFO  o.s.w.s.m.m.a.RequestMappingHandlerMapping - Mapped "{[/isv/delete/close],methods=[POST],consumes=[application/x-www-form-urlencoded]}" onto public com.zaozao.response.CommonReturnType com.zaozao.controller.IsvController.deleteIsv(java.lang.Integer) throws java.lang.Exception
2019-02-28 17:41:03.294 [main] INFO  o.s.w.s.m.m.a.RequestMappingHandlerMapping - Mapped "{[/school/info/dynamic],methods=[GET]}" onto public com.zaozao.response.CommonReturnType com.zaozao.controller.SchoolController.getSchoolGradeClass() throws java.lang.Exception
2019-02-28 17:41:03.295 [main] INFO  o.s.w.s.m.m.a.RequestMappingHandlerMapping - Mapped "{[/school/get],methods=[GET]}" onto public com.zaozao.response.CommonReturnType com.zaozao.controller.SchoolController.getSchoolList() throws java.lang.Exception
2019-02-28 17:41:03.295 [main] INFO  o.s.w.s.m.m.a.RequestMappingHandlerMapping - Mapped "{[/school/add/mch],methods=[POST],consumes=[application/x-www-form-urlencoded]}" onto public com.zaozao.response.CommonReturnType com.zaozao.controller.SchoolController.createSchool(java.lang.Integer,java.lang.String,java.lang.String) throws java.lang.Exception
2019-02-28 17:41:03.295 [main] INFO  o.s.w.s.m.m.a.RequestMappingHandlerMapping - Mapped "{[/school/create],methods=[POST],consumes=[application/x-www-form-urlencoded]}" onto public com.zaozao.response.CommonReturnType com.zaozao.controller.SchoolController.createSchool(java.lang.String,java.lang.String,java.lang.String,java.lang.String,java.lang.String,java.lang.String,java.lang.String,java.lang.Integer) throws java.lang.Exception
2019-02-28 17:41:03.296 [main] INFO  o.s.w.s.m.m.a.RequestMappingHandlerMapping - Mapped "{[/school/class/info],methods=[GET]}" onto public com.zaozao.response.CommonReturnType com.zaozao.controller.SchoolController.getSchoolAndClass()
2019-02-28 17:41:03.296 [main] INFO  o.s.w.s.m.m.a.RequestMappingHandlerMapping - Mapped "{[/school/update],methods=[POST],consumes=[multipart/form-data]}" onto public com.zaozao.response.CommonReturnType com.zaozao.controller.SchoolController.updateSchool(java.lang.Integer,java.lang.String,java.lang.String,java.lang.String,java.lang.String,java.lang.String,java.lang.String,java.lang.String,java.lang.Integer) throws java.lang.Exception
2019-02-28 17:41:03.297 [main] INFO  o.s.w.s.m.m.a.RequestMappingHandlerMapping - Mapped "{[/school/delete/close],methods=[POST],consumes=[application/x-www-form-urlencoded]}" onto public com.zaozao.response.CommonReturnType com.zaozao.controller.SchoolController.deleteSchool(java.lang.Integer) throws java.lang.Exception
2019-02-28 17:41:03.299 [main] INFO  o.s.w.s.m.m.a.RequestMappingHandlerMapping - Mapped "{[/student/get],methods=[GET]}" onto public com.zaozao.response.CommonReturnType com.zaozao.controller.StudentController.getStudent(java.lang.Integer,java.lang.Integer,java.lang.String)
2019-02-28 17:41:03.299 [main] INFO  o.s.w.s.m.m.a.RequestMappingHandlerMapping - Mapped "{[/student/get/list],methods=[GET]}" onto public com.zaozao.response.CommonReturnType com.zaozao.controller.StudentController.getStudentList() throws java.lang.Exception
2019-02-28 17:41:03.300 [main] INFO  o.s.w.s.m.m.a.RequestMappingHandlerMapping - Mapped "{[/student/query/list],methods=[POST],produces=[application/json]}" onto public com.zaozao.response.CommonReturnType com.zaozao.controller.StudentController.queryStudentList(java.util.Map<java.lang.String, java.lang.Object>) throws java.lang.Exception
2019-02-28 17:41:03.300 [main] INFO  o.s.w.s.m.m.a.RequestMappingHandlerMapping - Mapped "{[/student/update],methods=[POST],consumes=[application/x-www-form-urlencoded]}" onto public com.zaozao.response.CommonReturnType com.zaozao.controller.StudentController.updateStudentInfo(java.lang.Integer,java.lang.String,java.lang.String,java.lang.Byte,java.lang.Integer,java.lang.Integer,java.lang.String,java.lang.String,java.lang.String,java.lang.Byte,java.lang.Byte) throws java.lang.Exception
2019-02-28 17:41:03.300 [main] INFO  o.s.w.s.m.m.a.RequestMappingHandlerMapping - Mapped "{[/student/create],methods=[POST],consumes=[application/x-www-form-urlencoded]}" onto public com.zaozao.response.CommonReturnType com.zaozao.controller.StudentController.createStudent(java.lang.String,java.lang.String,java.lang.Byte,java.lang.Integer,java.lang.String,java.lang.String,java.lang.String,java.lang.Byte,java.lang.Byte) throws java.lang.Exception
2019-02-28 17:41:03.301 [main] INFO  o.s.w.s.m.m.a.RequestMappingHandlerMapping - Mapped "{[/student/delete],methods=[POST],consumes=[application/x-www-form-urlencoded]}" onto public com.zaozao.response.CommonReturnType com.zaozao.controller.StudentController.deleteStudent(java.lang.Integer,java.lang.Integer) throws java.lang.Exception
2019-02-28 17:41:03.301 [main] INFO  o.s.w.s.m.m.a.RequestMappingHandlerMapping - Mapped "{[/student/delete/batch],methods=[POST],consumes=[application/x-www-form-urlencoded]}" onto public com.zaozao.response.CommonReturnType com.zaozao.controller.StudentController.deleteStudentBatch(java.lang.String,java.lang.Integer) throws java.lang.Exception
2019-02-28 17:41:03.301 [main] INFO  o.s.w.s.m.m.a.RequestMappingHandlerMapping - Mapped "{[/student/import],methods=[POST],consumes=[multipart/form-data]}" onto public boolean com.zaozao.controller.StudentController.importStudent(org.springframework.web.multipart.MultipartFile,java.lang.Integer) throws com.zaozao.error.BusinessException
2019-02-28 17:41:03.301 [main] INFO  o.s.w.s.m.m.a.RequestMappingHandlerMapping - Mapped "{[/student/export],methods=[GET]}" onto public void com.zaozao.controller.StudentController.exportStudent(javax.servlet.http.HttpServletRequest,javax.servlet.http.HttpServletResponse,java.lang.Integer) throws java.io.IOException,com.zaozao.error.BusinessException
2019-02-28 17:41:03.302 [main] INFO  o.s.w.s.m.m.a.RequestMappingHandlerMapping - Mapped "{[/wechat/test/close]}" onto public com.zaozao.response.CommonReturnType com.zaozao.controller.WechatPayController.test()
2019-02-28 17:41:03.303 [main] INFO  o.s.w.s.m.m.a.RequestMappingHandlerMapping - Mapped "{[/wechat/login],methods=[GET]}" onto public com.zaozao.response.CommonReturnType com.zaozao.controller.WechatPayController.login(java.lang.String)
2019-02-28 17:41:03.304 [main] INFO  o.s.w.s.m.m.a.RequestMappingHandlerMapping - Mapped "{[/wechat/search/paid],methods=[POST]}" onto public com.zaozao.response.CommonReturnType com.zaozao.controller.WechatPayController.searchPaid(java.lang.String) throws java.lang.Exception
2019-02-28 17:41:03.304 [main] INFO  o.s.w.s.m.m.a.RequestMappingHandlerMapping - Mapped "{[/wechat/bind],methods=[POST]}" onto public com.zaozao.response.CommonReturnType com.zaozao.controller.WechatPayController.bindOpenId(java.lang.String,java.lang.String,java.lang.String) throws java.lang.Exception
2019-02-28 17:41:03.305 [main] INFO  o.s.w.s.m.m.a.RequestMappingHandlerMapping - Mapped "{[/wechat/unbind],methods=[POST]}" onto public com.zaozao.response.CommonReturnType com.zaozao.controller.WechatPayController.unbindOpenId(java.lang.String,java.lang.String) throws java.lang.Exception
2019-02-28 17:41:03.305 [main] INFO  o.s.w.s.m.m.a.RequestMappingHandlerMapping - Mapped "{[/wechat/search/unpaid],methods=[POST]}" onto public com.zaozao.response.CommonReturnType com.zaozao.controller.WechatPayController.searchUnpaid(java.lang.String) throws java.lang.Exception
2019-02-28 17:41:03.305 [main] INFO  o.s.w.s.m.m.a.RequestMappingHandlerMapping - Mapped "{[/wechat/pay],methods=[POST]}" onto public com.zaozao.response.CommonReturnType com.zaozao.controller.WechatPayController.wechatPay(java.lang.String,java.lang.Integer,javax.servlet.http.HttpServletRequest)
2019-02-28 17:41:03.306 [main] INFO  o.s.w.s.m.m.a.RequestMappingHandlerMapping - Mapped "{[/wechat/notify]}" onto public void com.zaozao.controller.WechatPayController.wechatNotify(javax.servlet.http.HttpServletRequest,javax.servlet.http.HttpServletResponse) throws java.lang.Exception
2019-02-28 17:41:03.308 [main] INFO  o.s.w.s.m.m.a.RequestMappingHandlerMapping - Mapped "{[/error]}" onto public org.springframework.http.ResponseEntity<java.util.Map<java.lang.String, java.lang.Object>> org.springframework.boot.autoconfigure.web.servlet.error.BasicErrorController.error(javax.servlet.http.HttpServletRequest)
2019-02-28 17:41:03.309 [main] INFO  o.s.w.s.m.m.a.RequestMappingHandlerMapping - Mapped "{[/error],produces=[text/html]}" onto public org.springframework.web.servlet.ModelAndView org.springframework.boot.autoconfigure.web.servlet.error.BasicErrorController.errorHtml(javax.servlet.http.HttpServletRequest,javax.servlet.http.HttpServletResponse)
2019-02-28 17:41:03.334 [main] INFO  o.s.web.servlet.handler.SimpleUrlHandlerMapping - Mapped URL path [/webjars/**] onto handler of type [class org.springframework.web.servlet.resource.ResourceHttpRequestHandler]
2019-02-28 17:41:03.334 [main] INFO  o.s.web.servlet.handler.SimpleUrlHandlerMapping - Mapped URL path [/**] onto handler of type [class org.springframework.web.servlet.resource.ResourceHttpRequestHandler]
2019-02-28 17:41:03.724 [main] INFO  o.s.jmx.export.annotation.AnnotationMBeanExporter - Registering beans for JMX exposure on startup
2019-02-28 17:41:03.726 [main] INFO  o.s.jmx.export.annotation.AnnotationMBeanExporter - Bean with name 'dataSource' has been autodetected for JMX exposure
2019-02-28 17:41:03.731 [main] INFO  o.s.jmx.export.annotation.AnnotationMBeanExporter - Located MBean 'dataSource': registering with JMX server as MBean [com.alibaba.druid.pool:name=dataSource,type=DruidDataSource]
2019-02-28 17:41:03.744 [main] INFO  org.apache.coyote.http11.Http11NioProtocol - Starting ProtocolHandler ["http-nio-8070"]
2019-02-28 17:41:03.769 [main] INFO  org.apache.tomcat.util.net.NioSelectorPool - Using a shared selector for servlet write/read
2019-02-28 17:41:03.782 [main] INFO  o.s.boot.web.embedded.tomcat.TomcatWebServer - Tomcat started on port(s): 8070 (http) with context path ''
2019-02-28 17:41:03.785 [main] INFO  com.zaozao.App - Started App in 4.56 seconds (JVM running for 5.116)
2019-02-28 17:41:55.148 [http-nio-8070-exec-2] INFO  o.a.c.core.ContainerBase.[Tomcat].[localhost].[/] - Initializing Spring FrameworkServlet 'dispatcherServlet'
2019-02-28 17:41:55.148 [http-nio-8070-exec-2] INFO  org.springframework.web.servlet.DispatcherServlet - FrameworkServlet 'dispatcherServlet': initialization started
2019-02-28 17:41:55.169 [http-nio-8070-exec-2] INFO  org.springframework.web.servlet.DispatcherServlet - FrameworkServlet 'dispatcherServlet': initialization completed in 20 ms
2019-02-28 17:41:55.286 [http-nio-8070-exec-2] INFO  com.alibaba.druid.pool.DruidDataSource - {dataSource-1} inited
2019-02-28 17:45:12.435 [Thread-3] INFO  o.s.b.w.s.c.AnnotationConfigServletWebServerApplicationContext - Closing org.springframework.boot.web.servlet.context.AnnotationConfigServletWebServerApplicationContext@14cd1699: startup date [Thu Feb 28 17:40:59 CST 2019]; root of context hierarchy
2019-02-28 17:45:12.437 [Thread-3] INFO  o.s.jmx.export.annotation.AnnotationMBeanExporter - Unregistering JMX-exposed beans on shutdown
2019-02-28 17:45:12.438 [Thread-3] INFO  o.s.jmx.export.annotation.AnnotationMBeanExporter - Unregistering JMX-exposed beans
2019-02-28 17:45:12.448 [Thread-3] INFO  com.alibaba.druid.pool.DruidDataSource - {dataSource-1} closed
2019-02-28 17:45:21.392 [main] INFO  com.zaozao.App - Starting App on Sidney.local with PID 12694 (/Users/chenxiaotian/myWorkspace/education/target/classes started by chenxiaotian in /Users/chenxiaotian/myWorkspace/education)
2019-02-28 17:45:21.401 [main] INFO  com.zaozao.App - The following profiles are active: dev
2019-02-28 17:45:21.591 [main] INFO  o.s.b.w.s.c.AnnotationConfigServletWebServerApplicationContext - Refreshing org.springframework.boot.web.servlet.context.AnnotationConfigServletWebServerApplicationContext@409bf450: startup date [Thu Feb 28 17:45:21 CST 2019]; root of context hierarchy
2019-02-28 17:45:22.388 [main] INFO  o.s.d.r.config.RepositoryConfigurationDelegate - Multiple Spring Data modules found, entering strict repository configuration mode!
2019-02-28 17:45:22.940 [main] INFO  o.s.c.s.PostProcessorRegistrationDelegate$BeanPostProcessorChecker - Bean 'org.springframework.transaction.annotation.ProxyTransactionManagementConfiguration' of type [org.springframework.transaction.annotation.ProxyTransactionManagementConfiguration$$EnhancerBySpringCGLIB$$f81ac321] is not eligible for getting processed by all BeanPostProcessors (for example: not eligible for auto-proxying)
2019-02-28 17:45:23.356 [main] INFO  o.s.boot.web.embedded.tomcat.TomcatWebServer - Tomcat initialized with port(s): 8070 (http)
2019-02-28 17:45:23.373 [main] INFO  org.apache.coyote.http11.Http11NioProtocol - Initializing ProtocolHandler ["http-nio-8070"]
2019-02-28 17:45:23.386 [main] INFO  org.apache.catalina.core.StandardService - Starting service [Tomcat]
2019-02-28 17:45:23.387 [main] INFO  org.apache.catalina.core.StandardEngine - Starting Servlet Engine: Apache Tomcat/8.5.34
2019-02-28 17:45:23.395 [localhost-startStop-1] INFO  org.apache.catalina.core.AprLifecycleListener - The APR based Apache Tomcat Native library which allows optimal performance in production environments was not found on the java.library.path: [/Users/chenxiaotian/Library/Java/Extensions:/Library/Java/Extensions:/Network/Library/Java/Extensions:/System/Library/Java/Extensions:/usr/lib/java:.]
2019-02-28 17:45:23.595 [localhost-startStop-1] INFO  o.a.c.core.ContainerBase.[Tomcat].[localhost].[/] - Initializing Spring embedded WebApplicationContext
2019-02-28 17:45:23.595 [localhost-startStop-1] INFO  org.springframework.web.context.ContextLoader - Root WebApplicationContext: initialization completed in 2004 ms
2019-02-28 17:45:23.655 [localhost-startStop-1] INFO  o.s.boot.web.servlet.ServletRegistrationBean - Servlet dispatcherServlet mapped to [/]
2019-02-28 17:45:23.658 [localhost-startStop-1] INFO  o.s.boot.web.servlet.FilterRegistrationBean - Mapping filter: 'characterEncodingFilter' to: [/*]
2019-02-28 17:45:23.659 [localhost-startStop-1] INFO  o.s.boot.web.servlet.FilterRegistrationBean - Mapping filter: 'hiddenHttpMethodFilter' to: [/*]
2019-02-28 17:45:23.659 [localhost-startStop-1] INFO  o.s.boot.web.servlet.FilterRegistrationBean - Mapping filter: 'httpPutFormContentFilter' to: [/*]
2019-02-28 17:45:23.659 [localhost-startStop-1] INFO  o.s.boot.web.servlet.FilterRegistrationBean - Mapping filter: 'requestContextFilter' to: [/*]
2019-02-28 17:45:24.542 [main] INFO  o.s.web.servlet.handler.SimpleUrlHandlerMapping - Mapped URL path [/**/favicon.ico] onto handler of type [class org.springframework.web.servlet.resource.ResourceHttpRequestHandler]
2019-02-28 17:45:24.819 [main] INFO  o.s.w.s.m.m.a.RequestMappingHandlerAdapter - Looking for @ControllerAdvice: org.springframework.boot.web.servlet.context.AnnotationConfigServletWebServerApplicationContext@409bf450: startup date [Thu Feb 28 17:45:21 CST 2019]; root of context hierarchy
2019-02-28 17:45:24.894 [main] INFO  o.s.w.s.m.m.a.RequestMappingHandlerMapping - Mapped "{[/admin/create],methods=[POST],consumes=[application/x-www-form-urlencoded]}" onto public com.zaozao.response.CommonReturnType com.zaozao.controller.AdminController.create(java.lang.String,java.lang.Integer,java.lang.String,java.lang.String,java.lang.String,java.lang.Integer) throws com.zaozao.error.BusinessException,java.security.NoSuchAlgorithmException
2019-02-28 17:45:24.897 [main] INFO  o.s.w.s.m.m.a.RequestMappingHandlerMapping - Mapped "{[/admin/login],methods=[POST],consumes=[application/x-www-form-urlencoded]}" onto public com.zaozao.response.CommonReturnType com.zaozao.controller.AdminController.login(java.lang.String,java.lang.String) throws com.zaozao.error.BusinessException,java.security.NoSuchAlgorithmException
2019-02-28 17:45:24.897 [main] INFO  o.s.w.s.m.m.a.RequestMappingHandlerMapping - Mapped "{[/admin/logout],methods=[GET]}" onto public com.zaozao.response.CommonReturnType com.zaozao.controller.AdminController.loginOut()
2019-02-28 17:45:24.898 [main] INFO  o.s.w.s.m.m.a.RequestMappingHandlerMapping - Mapped "{[/admin/list],methods=[GET]}" onto public com.zaozao.response.CommonReturnType com.zaozao.controller.AdminController.listAdmin() throws com.zaozao.error.BusinessException
2019-02-28 17:45:24.898 [main] INFO  o.s.w.s.m.m.a.RequestMappingHandlerMapping - Mapped "{[/admin/delete],methods=[POST],consumes=[application/x-www-form-urlencoded]}" onto public com.zaozao.response.CommonReturnType com.zaozao.controller.AdminController.deleteById(java.lang.Integer) throws com.zaozao.error.BusinessException
2019-02-28 17:45:24.899 [main] INFO  o.s.w.s.m.m.a.RequestMappingHandlerMapping - Mapped "{[/admin/update],methods=[POST],consumes=[application/x-www-form-urlencoded]}" onto public com.zaozao.response.CommonReturnType com.zaozao.controller.AdminController.updateById(java.lang.Integer,java.lang.String,java.lang.Integer,java.lang.String,java.lang.String,java.lang.String) throws com.zaozao.error.BusinessException,java.security.NoSuchAlgorithmException
2019-02-28 17:45:24.903 [main] INFO  o.s.w.s.m.m.a.RequestMappingHandlerMapping - Mapped "{[/bill/pay],methods=[POST],consumes=[application/x-www-form-urlencoded]}" onto public com.zaozao.response.CommonReturnType com.zaozao.controller.BillController.pay(java.lang.Integer)
2019-02-28 17:45:24.904 [main] INFO  o.s.w.s.m.m.a.RequestMappingHandlerMapping - Mapped "{[/bill/list/item],methods=[GET]}" onto public com.zaozao.response.CommonReturnType com.zaozao.controller.BillController.listItem() throws com.zaozao.error.BusinessException
2019-02-28 17:45:24.904 [main] INFO  o.s.w.s.m.m.a.RequestMappingHandlerMapping - Mapped "{[/bill/unpaid],methods=[POST],consumes=[application/x-www-form-urlencoded]}" onto public com.zaozao.response.CommonReturnType com.zaozao.controller.BillController.getUnpaidBill(java.lang.Integer,java.lang.Integer,java.lang.String) throws com.zaozao.error.BusinessException
2019-02-28 17:45:24.904 [main] INFO  o.s.w.s.m.m.a.RequestMappingHandlerMapping - Mapped "{[/bill/delete/item],methods=[POST],consumes=[application/x-www-form-urlencoded]}" onto public com.zaozao.response.CommonReturnType com.zaozao.controller.BillController.createItem(java.lang.Integer,java.lang.Integer) throws java.lang.Exception
2019-02-28 17:45:24.905 [main] INFO  o.s.w.s.m.m.a.RequestMappingHandlerMapping - Mapped "{[/bill/create/item],methods=[POST],consumes=[application/x-www-form-urlencoded]}" onto public com.zaozao.response.CommonReturnType com.zaozao.controller.BillController.createItem(java.lang.String) throws java.lang.Exception
2019-02-28 17:45:24.905 [main] INFO  o.s.w.s.m.m.a.RequestMappingHandlerMapping - Mapped "{[/bill/list],methods=[GET]}" onto public com.zaozao.response.CommonReturnType com.zaozao.controller.BillController.getBillList() throws java.lang.Exception
2019-02-28 17:45:24.906 [main] INFO  o.s.w.s.m.m.a.RequestMappingHandlerMapping - Mapped "{[/bill/query/list],methods=[POST],consumes=[application/x-www-form-urlencoded]}" onto public com.zaozao.response.CommonReturnType com.zaozao.controller.BillController.queryBillList(java.lang.Integer,java.lang.Integer,java.lang.Integer,java.lang.String,java.lang.String,java.lang.String,java.lang.String,java.lang.String,java.lang.Byte,java.lang.Byte,java.lang.String,java.lang.Integer) throws java.lang.Exception
2019-02-28 17:45:24.906 [main] INFO  o.s.w.s.m.m.a.RequestMappingHandlerMapping - Mapped "{[/bill/list/history],methods=[GET]}" onto public com.zaozao.response.CommonReturnType com.zaozao.controller.BillController.getBillHistoryList() throws java.lang.Exception
2019-02-28 17:45:24.906 [main] INFO  o.s.w.s.m.m.a.RequestMappingHandlerMapping - Mapped "{[/bill/create/bill],methods=[POST],consumes=[application/x-www-form-urlencoded]}" onto public com.zaozao.response.CommonReturnType com.zaozao.controller.BillController.createBill(java.lang.String,java.lang.String,java.lang.Integer,java.math.BigDecimal,java.lang.String) throws java.lang.Exception
2019-02-28 17:45:24.907 [main] INFO  o.s.w.s.m.m.a.RequestMappingHandlerMapping - Mapped "{[/bill/click/collection],methods=[POST],consumes=[application/x-www-form-urlencoded]}" onto public com.zaozao.response.CommonReturnType com.zaozao.controller.BillController.updateBill(java.lang.String,java.lang.Byte,java.lang.String,java.lang.String,java.lang.String) throws java.lang.Exception
2019-02-28 17:45:24.909 [main] INFO  o.s.w.s.m.m.a.RequestMappingHandlerMapping - Mapped "{[/bill/update/bill],methods=[POST],consumes=[application/x-www-form-urlencoded]}" onto public com.zaozao.response.CommonReturnType com.zaozao.controller.BillController.updateBill(java.lang.Integer,java.lang.Integer,java.lang.String,java.lang.String,java.lang.Integer,java.math.BigDecimal,java.lang.String,java.lang.Byte) throws java.lang.Exception
2019-02-28 17:45:24.910 [main] INFO  o.s.w.s.m.m.a.RequestMappingHandlerMapping - Mapped "{[/bill/delete/bill],methods=[POST],consumes=[application/x-www-form-urlencoded]}" onto public com.zaozao.response.CommonReturnType com.zaozao.controller.BillController.deleteBill(java.lang.Integer,java.lang.Integer) throws java.lang.Exception
2019-02-28 17:45:24.910 [main] INFO  o.s.w.s.m.m.a.RequestMappingHandlerMapping - Mapped "{[/bill/delete/batch],methods=[POST],consumes=[application/x-www-form-urlencoded]}" onto public com.zaozao.response.CommonReturnType com.zaozao.controller.BillController.deleteBatchBill(java.lang.String,java.lang.Integer) throws java.lang.Exception
2019-02-28 17:45:24.911 [main] INFO  o.s.w.s.m.m.a.RequestMappingHandlerMapping - Mapped "{[/bill/import],methods=[POST],consumes=[multipart/form-data]}" onto public boolean com.zaozao.controller.BillController.importBill(org.springframework.web.multipart.MultipartFile) throws com.zaozao.error.BusinessException
2019-02-28 17:45:24.911 [main] INFO  o.s.w.s.m.m.a.RequestMappingHandlerMapping - Mapped "{[/bill/export],methods=[GET]}" onto public void com.zaozao.controller.BillController.exportBill(javax.servlet.http.HttpServletRequest,javax.servlet.http.HttpServletResponse,java.lang.Integer) throws java.io.IOException,com.zaozao.error.BusinessException
2019-02-28 17:45:24.913 [main] INFO  o.s.w.s.m.m.a.RequestMappingHandlerMapping - Mapped "{[/class/import],methods=[POST],consumes=[multipart/form-data]}" onto public boolean com.zaozao.controller.ClassController.importClass(org.springframework.web.multipart.MultipartFile) throws com.zaozao.error.BusinessException
2019-02-28 17:45:24.913 [main] INFO  o.s.w.s.m.m.a.RequestMappingHandlerMapping - Mapped "{[/class/get],methods=[GET]}" onto public com.zaozao.response.CommonReturnType com.zaozao.controller.ClassController.getClassList() throws java.lang.Exception
2019-02-28 17:45:24.914 [main] INFO  o.s.w.s.m.m.a.RequestMappingHandlerMapping - Mapped "{[/class/dynamic],methods=[GET]}" onto public com.zaozao.response.CommonReturnType com.zaozao.controller.ClassController.getSchoolGradeClass() throws java.lang.Exception
2019-02-28 17:45:24.914 [main] INFO  o.s.w.s.m.m.a.RequestMappingHandlerMapping - Mapped "{[/class/create],methods=[POST],consumes=[application/x-www-form-urlencoded]}" onto public com.zaozao.response.CommonReturnType com.zaozao.controller.ClassController.createClass(java.lang.Integer,java.lang.Integer,java.lang.String) throws java.lang.Exception
2019-02-28 17:45:24.914 [main] INFO  o.s.w.s.m.m.a.RequestMappingHandlerMapping - Mapped "{[/class/update],methods=[POST],consumes=[application/x-www-form-urlencoded]}" onto public com.zaozao.response.CommonReturnType com.zaozao.controller.ClassController.updateClassById(java.lang.Integer,java.lang.Integer,java.lang.Integer,java.lang.Integer,java.lang.String) throws java.lang.Exception
2019-02-28 17:45:24.915 [main] INFO  o.s.w.s.m.m.a.RequestMappingHandlerMapping - Mapped "{[/class/upgrade],methods=[GET]}" onto public com.zaozao.response.CommonReturnType com.zaozao.controller.ClassController.upgradeClassById() throws java.lang.Exception
2019-02-28 17:45:24.915 [main] INFO  o.s.w.s.m.m.a.RequestMappingHandlerMapping - Mapped "{[/class/delete/close],methods=[POST],consumes=[application/x-www-form-urlencoded]}" onto public com.zaozao.response.CommonReturnType com.zaozao.controller.ClassController.deleteClassById(java.lang.Integer,java.lang.Integer) throws java.lang.Exception
2019-02-28 17:45:24.916 [main] INFO  o.s.w.s.m.m.a.RequestMappingHandlerMapping - Mapped "{[/class/export],methods=[GET]}" onto public void com.zaozao.controller.ClassController.exportClass(javax.servlet.http.HttpServletRequest,javax.servlet.http.HttpServletResponse) throws java.io.IOException,com.zaozao.error.BusinessException
2019-02-28 17:45:24.917 [main] INFO  o.s.w.s.m.m.a.RequestMappingHandlerMapping - Mapped "{[/home/data],methods=[GET]}" onto public com.zaozao.response.CommonReturnType com.zaozao.controller.IndexDataController.searchData() throws java.lang.InterruptedException,com.zaozao.error.BusinessException,java.util.concurrent.ExecutionException
2019-02-28 17:45:24.918 [main] INFO  o.s.w.s.m.m.a.RequestMappingHandlerMapping - Mapped "{[/isv/get],methods=[GET]}" onto public com.zaozao.response.CommonReturnType com.zaozao.controller.IsvController.getStudent() throws java.lang.Exception
2019-02-28 17:45:24.919 [main] INFO  o.s.w.s.m.m.a.RequestMappingHandlerMapping - Mapped "{[/isv/get/list],methods=[GET]}" onto public com.zaozao.response.CommonReturnType com.zaozao.controller.IsvController.getIsvList() throws java.lang.Exception
2019-02-28 17:45:24.919 [main] INFO  o.s.w.s.m.m.a.RequestMappingHandlerMapping - Mapped "{[/isv/update],methods=[POST],consumes=[application/x-www-form-urlencoded]}" onto public com.zaozao.response.CommonReturnType com.zaozao.controller.IsvController.updateIsvInfo(java.lang.Integer,java.lang.String,java.lang.String,java.lang.String,java.lang.String,java.lang.String,java.lang.String,java.lang.String,java.lang.String) throws java.lang.Exception
2019-02-28 17:45:24.920 [main] INFO  o.s.w.s.m.m.a.RequestMappingHandlerMapping - Mapped "{[/isv/create],methods=[POST],consumes=[application/x-www-form-urlencoded]}" onto public com.zaozao.response.CommonReturnType com.zaozao.controller.IsvController.createIsv(java.lang.String,java.lang.String,java.lang.String,java.lang.String,java.lang.String,java.lang.String,java.lang.String,java.lang.String) throws java.lang.Exception
2019-02-28 17:45:24.920 [main] INFO  o.s.w.s.m.m.a.RequestMappingHandlerMapping - Mapped "{[/isv/delete/close],methods=[POST],consumes=[application/x-www-form-urlencoded]}" onto public com.zaozao.response.CommonReturnType com.zaozao.controller.IsvController.deleteIsv(java.lang.Integer) throws java.lang.Exception
2019-02-28 17:45:24.922 [main] INFO  o.s.w.s.m.m.a.RequestMappingHandlerMapping - Mapped "{[/school/info/dynamic],methods=[GET]}" onto public com.zaozao.response.CommonReturnType com.zaozao.controller.SchoolController.getSchoolGradeClass() throws java.lang.Exception
2019-02-28 17:45:24.922 [main] INFO  o.s.w.s.m.m.a.RequestMappingHandlerMapping - Mapped "{[/school/class/info],methods=[GET]}" onto public com.zaozao.response.CommonReturnType com.zaozao.controller.SchoolController.getSchoolAndClass()
2019-02-28 17:45:24.922 [main] INFO  o.s.w.s.m.m.a.RequestMappingHandlerMapping - Mapped "{[/school/get],methods=[GET]}" onto public com.zaozao.response.CommonReturnType com.zaozao.controller.SchoolController.getSchoolList() throws java.lang.Exception
2019-02-28 17:45:24.923 [main] INFO  o.s.w.s.m.m.a.RequestMappingHandlerMapping - Mapped "{[/school/create],methods=[POST],consumes=[application/x-www-form-urlencoded]}" onto public com.zaozao.response.CommonReturnType com.zaozao.controller.SchoolController.createSchool(java.lang.String,java.lang.String,java.lang.String,java.lang.String,java.lang.String,java.lang.String,java.lang.String,java.lang.Integer) throws java.lang.Exception
2019-02-28 17:45:24.923 [main] INFO  o.s.w.s.m.m.a.RequestMappingHandlerMapping - Mapped "{[/school/add/mch],methods=[POST],consumes=[application/x-www-form-urlencoded]}" onto public com.zaozao.response.CommonReturnType com.zaozao.controller.SchoolController.createSchool(java.lang.Integer,java.lang.String,java.lang.String) throws java.lang.Exception
2019-02-28 17:45:24.924 [main] INFO  o.s.w.s.m.m.a.RequestMappingHandlerMapping - Mapped "{[/school/update],methods=[POST],consumes=[multipart/form-data]}" onto public com.zaozao.response.CommonReturnType com.zaozao.controller.SchoolController.updateSchool(java.lang.Integer,java.lang.String,java.lang.String,java.lang.String,java.lang.String,java.lang.String,java.lang.String,java.lang.String,java.lang.Integer) throws java.lang.Exception
2019-02-28 17:45:24.924 [main] INFO  o.s.w.s.m.m.a.RequestMappingHandlerMapping - Mapped "{[/school/delete/close],methods=[POST],consumes=[application/x-www-form-urlencoded]}" onto public com.zaozao.response.CommonReturnType com.zaozao.controller.SchoolController.deleteSchool(java.lang.Integer) throws java.lang.Exception
2019-02-28 17:45:24.927 [main] INFO  o.s.w.s.m.m.a.RequestMappingHandlerMapping - Mapped "{[/student/get],methods=[GET]}" onto public com.zaozao.response.CommonReturnType com.zaozao.controller.StudentController.getStudent(java.lang.Integer,java.lang.Integer,java.lang.String)
2019-02-28 17:45:24.927 [main] INFO  o.s.w.s.m.m.a.RequestMappingHandlerMapping - Mapped "{[/student/get/list],methods=[GET]}" onto public com.zaozao.response.CommonReturnType com.zaozao.controller.StudentController.getStudentList() throws java.lang.Exception
2019-02-28 17:45:24.928 [main] INFO  o.s.w.s.m.m.a.RequestMappingHandlerMapping - Mapped "{[/student/query/list],methods=[POST],produces=[application/json]}" onto public com.zaozao.response.CommonReturnType com.zaozao.controller.StudentController.queryStudentList(java.util.Map<java.lang.String, java.lang.Object>) throws java.lang.Exception
2019-02-28 17:45:24.928 [main] INFO  o.s.w.s.m.m.a.RequestMappingHandlerMapping - Mapped "{[/student/update],methods=[POST],consumes=[application/x-www-form-urlencoded]}" onto public com.zaozao.response.CommonReturnType com.zaozao.controller.StudentController.updateStudentInfo(java.lang.Integer,java.lang.String,java.lang.String,java.lang.Byte,java.lang.Integer,java.lang.Integer,java.lang.String,java.lang.String,java.lang.String,java.lang.Byte,java.lang.Byte) throws java.lang.Exception
2019-02-28 17:45:24.929 [main] INFO  o.s.w.s.m.m.a.RequestMappingHandlerMapping - Mapped "{[/student/create],methods=[POST],consumes=[application/x-www-form-urlencoded]}" onto public com.zaozao.response.CommonReturnType com.zaozao.controller.StudentController.createStudent(java.lang.String,java.lang.String,java.lang.Byte,java.lang.Integer,java.lang.String,java.lang.String,java.lang.String,java.lang.Byte,java.lang.Byte) throws java.lang.Exception
2019-02-28 17:45:24.929 [main] INFO  o.s.w.s.m.m.a.RequestMappingHandlerMapping - Mapped "{[/student/delete],methods=[POST],consumes=[application/x-www-form-urlencoded]}" onto public com.zaozao.response.CommonReturnType com.zaozao.controller.StudentController.deleteStudent(java.lang.Integer,java.lang.Integer) throws java.lang.Exception
2019-02-28 17:45:24.929 [main] INFO  o.s.w.s.m.m.a.RequestMappingHandlerMapping - Mapped "{[/student/delete/batch],methods=[POST],consumes=[application/x-www-form-urlencoded]}" onto public com.zaozao.response.CommonReturnType com.zaozao.controller.StudentController.deleteStudentBatch(java.lang.String,java.lang.Integer) throws java.lang.Exception
2019-02-28 17:45:24.930 [main] INFO  o.s.w.s.m.m.a.RequestMappingHandlerMapping - Mapped "{[/student/import],methods=[POST],consumes=[multipart/form-data]}" onto public boolean com.zaozao.controller.StudentController.importStudent(org.springframework.web.multipart.MultipartFile,java.lang.Integer) throws com.zaozao.error.BusinessException
2019-02-28 17:45:24.930 [main] INFO  o.s.w.s.m.m.a.RequestMappingHandlerMapping - Mapped "{[/student/export],methods=[GET]}" onto public void com.zaozao.controller.StudentController.exportStudent(javax.servlet.http.HttpServletRequest,javax.servlet.http.HttpServletResponse,java.lang.Integer) throws java.io.IOException,com.zaozao.error.BusinessException
2019-02-28 17:45:24.931 [main] INFO  o.s.w.s.m.m.a.RequestMappingHandlerMapping - Mapped "{[/wechat/test/close]}" onto public com.zaozao.response.CommonReturnType com.zaozao.controller.WechatPayController.test()
2019-02-28 17:45:24.932 [main] INFO  o.s.w.s.m.m.a.RequestMappingHandlerMapping - Mapped "{[/wechat/bind],methods=[POST]}" onto public com.zaozao.response.CommonReturnType com.zaozao.controller.WechatPayController.bindOpenId(java.lang.String,java.lang.String,java.lang.String) throws java.lang.Exception
2019-02-28 17:45:24.932 [main] INFO  o.s.w.s.m.m.a.RequestMappingHandlerMapping - Mapped "{[/wechat/unbind],methods=[POST]}" onto public com.zaozao.response.CommonReturnType com.zaozao.controller.WechatPayController.unbindOpenId(java.lang.String,java.lang.String) throws java.lang.Exception
2019-02-28 17:45:24.933 [main] INFO  o.s.w.s.m.m.a.RequestMappingHandlerMapping - Mapped "{[/wechat/search/unpaid],methods=[POST]}" onto public com.zaozao.response.CommonReturnType com.zaozao.controller.WechatPayController.searchUnpaid(java.lang.String) throws java.lang.Exception
2019-02-28 17:45:24.933 [main] INFO  o.s.w.s.m.m.a.RequestMappingHandlerMapping - Mapped "{[/wechat/pay],methods=[POST]}" onto public com.zaozao.response.CommonReturnType com.zaozao.controller.WechatPayController.wechatPay(java.lang.String,java.lang.Integer,javax.servlet.http.HttpServletRequest)
2019-02-28 17:45:24.933 [main] INFO  o.s.w.s.m.m.a.RequestMappingHandlerMapping - Mapped "{[/wechat/notify]}" onto public void com.zaozao.controller.WechatPayController.wechatNotify(javax.servlet.http.HttpServletRequest,javax.servlet.http.HttpServletResponse) throws java.lang.Exception
2019-02-28 17:45:24.934 [main] INFO  o.s.w.s.m.m.a.RequestMappingHandlerMapping - Mapped "{[/wechat/search/paid],methods=[POST]}" onto public com.zaozao.response.CommonReturnType com.zaozao.controller.WechatPayController.searchPaid(java.lang.String) throws java.lang.Exception
2019-02-28 17:45:24.934 [main] INFO  o.s.w.s.m.m.a.RequestMappingHandlerMapping - Mapped "{[/wechat/login],methods=[GET]}" onto public com.zaozao.response.CommonReturnType com.zaozao.controller.WechatPayController.login(java.lang.String)
2019-02-28 17:45:24.936 [main] INFO  o.s.w.s.m.m.a.RequestMappingHandlerMapping - Mapped "{[/error]}" onto public org.springframework.http.ResponseEntity<java.util.Map<java.lang.String, java.lang.Object>> org.springframework.boot.autoconfigure.web.servlet.error.BasicErrorController.error(javax.servlet.http.HttpServletRequest)
2019-02-28 17:45:24.936 [main] INFO  o.s.w.s.m.m.a.RequestMappingHandlerMapping - Mapped "{[/error],produces=[text/html]}" onto public org.springframework.web.servlet.ModelAndView org.springframework.boot.autoconfigure.web.servlet.error.BasicErrorController.errorHtml(javax.servlet.http.HttpServletRequest,javax.servlet.http.HttpServletResponse)
2019-02-28 17:45:24.971 [main] INFO  o.s.web.servlet.handler.SimpleUrlHandlerMapping - Mapped URL path [/webjars/**] onto handler of type [class org.springframework.web.servlet.resource.ResourceHttpRequestHandler]
2019-02-28 17:45:24.971 [main] INFO  o.s.web.servlet.handler.SimpleUrlHandlerMapping - Mapped URL path [/**] onto handler of type [class org.springframework.web.servlet.resource.ResourceHttpRequestHandler]
2019-02-28 17:45:25.424 [main] INFO  o.s.jmx.export.annotation.AnnotationMBeanExporter - Registering beans for JMX exposure on startup
2019-02-28 17:45:25.425 [main] INFO  o.s.jmx.export.annotation.AnnotationMBeanExporter - Bean with name 'dataSource' has been autodetected for JMX exposure
2019-02-28 17:45:25.431 [main] INFO  o.s.jmx.export.annotation.AnnotationMBeanExporter - Located MBean 'dataSource': registering with JMX server as MBean [com.alibaba.druid.pool:name=dataSource,type=DruidDataSource]
2019-02-28 17:45:25.444 [main] INFO  org.apache.coyote.http11.Http11NioProtocol - Starting ProtocolHandler ["http-nio-8070"]
2019-02-28 17:45:25.472 [main] INFO  org.apache.tomcat.util.net.NioSelectorPool - Using a shared selector for servlet write/read
2019-02-28 17:45:25.487 [main] INFO  o.s.boot.web.embedded.tomcat.TomcatWebServer - Tomcat started on port(s): 8070 (http) with context path ''
2019-02-28 17:45:25.491 [main] INFO  com.zaozao.App - Started App in 4.68 seconds (JVM running for 5.204)
